Log file open, 09/01/19 17:42:08
LogWindows: Failed to load 'aqProf.dll' (GetLastError=126)
LogWindows: File 'aqProf.dll' does not exist
LogWindows: Failed to load 'VtuneApi.dll' (GetLastError=126)
LogWindows: File 'VtuneApi.dll' does not exist
LogWindows: Failed to load 'VtuneApi32e.dll' (GetLastError=126)
LogWindows: File 'VtuneApi32e.dll' does not exist
LogConsoleResponse: Display: Failed to find resolution value strings in scalability ini. Falling back to default.
LogInit: Display: Running engine for game: The_Sandbox
LogPakFile: Registered encryption key '00000000000000000000000000000000': 0 pak files mounted, 0 remain pending
LogPlatformFile: Not using cached read wrapper
LogTaskGraph: Started task graph with 5 named threads and 23 total threads with 3 sets of task threads.
LogStats: Stats thread started at 0.336927
LogD3D11RHI: Loaded GFSDK_Aftermath_Lib.x64.dll
LogICUInternationalization: ICU TimeZone Detection - Raw Offset: -5:00, Platform Override: ''
LogPluginManager: Mounting plugin Paper2D
LogPluginManager: Mounting plugin AISupport
LogPluginManager: Mounting plugin LightPropagationVolume
LogPluginManager: Mounting plugin ActorLayerUtilities
LogPluginManager: Mounting plugin AnimationSharing
LogPluginManager: Mounting plugin CLionSourceCodeAccess
LogPluginManager: Mounting plugin CodeLiteSourceCodeAccess
LogPluginManager: Mounting plugin GitSourceControl
LogPluginManager: Mounting plugin KDevelopSourceCodeAccess
LogPluginManager: Mounting plugin NullSourceCodeAccess
LogPluginManager: Mounting plugin PerforceSourceControl
LogPluginManager: Mounting plugin SubversionSourceControl
LogPluginManager: Mounting plugin UObjectPlugin
LogPluginManager: Mounting plugin VisualStudioCodeSourceCodeAccess
LogPluginManager: Mounting plugin VisualStudioSourceCodeAccess
LogPluginManager: Mounting plugin XCodeSourceCodeAccess
LogPluginManager: Mounting plugin AssetManagerEditor
LogPluginManager: Mounting plugin CryptoKeys
LogPluginManager: Mounting plugin DataValidation
LogPluginManager: Mounting plugin FacialAnimation
LogPluginManager: Mounting plugin GameplayTagsEditor
LogPluginManager: Mounting plugin MacGraphicsSwitching
LogPluginManager: Mounting plugin MaterialAnalyzer
LogPluginManager: Mounting plugin MobileLauncherProfileWizard
LogPluginManager: Mounting plugin PluginBrowser
LogPluginManager: Mounting plugin SpeedTreeImporter
LogPluginManager: Mounting plugin DatasmithContent
LogPluginManager: Mounting plugin VariantManagerContent
LogPluginManager: Mounting plugin AlembicImporter
LogPluginManager: Mounting plugin AppleImageUtils
LogPluginManager: Mounting plugin AppleVision
LogPluginManager: Mounting plugin BackChannel
LogPluginManager: Mounting plugin CharacterAI
LogPluginManager: Mounting plugin GeometryCache
LogPluginManager: Mounting plugin HTML5Networking
LogPluginManager: Mounting plugin ProxyLODPlugin
LogPluginManager: Mounting plugin SkeletalReduction
LogPluginManager: Mounting plugin MagicLeap
LogPluginManager: Mounting plugin MagicLeapMedia
LogPluginManager: Mounting plugin AndroidMedia
LogPluginManager: Mounting plugin AvfMedia
LogPluginManager: Mounting plugin ImgMedia
LogPluginManager: Mounting plugin LinearTimecode
LogPluginManager: Mounting plugin MediaCompositing
LogPluginManager: Mounting plugin MediaPlayerEditor
LogPluginManager: Mounting plugin WebMMedia
LogPluginManager: Mounting plugin WmfMedia
LogPluginManager: Mounting plugin TcpMessaging
LogPluginManager: Mounting plugin UdpMessaging
LogPluginManager: Mounting plugin ActorSequence
LogPluginManager: Mounting plugin LevelSequenceEditor
LogPluginManager: Mounting plugin MatineeToLevelSequence
LogPluginManager: Mounting plugin NetcodeUnitTest
LogPluginManager: Mounting plugin NUTUnrealEngine4
LogPluginManager: Mounting plugin OnlineSubsystemGooglePlay
LogPluginManager: Mounting plugin OnlineSubsystemIOS
LogPluginManager: Mounting plugin OnlineSubsystem
LogPluginManager: Mounting plugin OnlineSubsystemNull
LogPluginManager: Mounting plugin OnlineSubsystemUtils
LogPluginManager: Mounting plugin LauncherChunkInstaller
LogPluginManager: Mounting plugin AndroidDeviceProfileSelector
LogPluginManager: Mounting plugin AndroidMoviePlayer
LogPluginManager: Mounting plugin AndroidPermission
LogPluginManager: Mounting plugin AppleMoviePlayer
LogPluginManager: Mounting plugin ArchVisCharacter
LogPluginManager: Mounting plugin AudioCapture
LogPluginManager: Mounting plugin CableComponent
LogPluginManager: Mounting plugin CustomMeshComponent
LogPluginManager: Mounting plugin EditableMesh
LogPluginManager: Mounting plugin ExampleDeviceProfileSelector
LogPluginManager: Mounting plugin Firebase
LogPluginManager: Mounting plugin GoogleCloudMessaging
LogPluginManager: Mounting plugin IOSDeviceProfileSelector
LogPluginManager: Mounting plugin LinuxDeviceProfileSelector
LogPluginManager: Mounting plugin LocationServicesBPLibrary
LogPluginManager: Mounting plugin MobilePatchingUtils
LogPluginManager: Mounting plugin OculusVR
LogPluginManager: Mounting plugin PhysXVehicles
LogPluginManager: Mounting plugin ProceduralMeshComponent
LogPluginManager: Mounting plugin RuntimePhysXCooking
LogPluginManager: Mounting plugin SignificanceManager
LogPluginManager: Mounting plugin SteamVR
LogPluginManager: Mounting plugin WebMMoviePlayer
LogPluginManager: Mounting plugin WindowsMoviePlayer
LogInit: Using libcurl 7.55.1-DEV
LogInit:  - built for x86_64-pc-win32
LogInit:  - supports SSL with OpenSSL/1.1.1
LogInit:  - supports HTTP deflate (compression) using libz 1.2.8
LogInit:  - other features:
LogInit:      CURL_VERSION_SSL
LogInit:      CURL_VERSION_LIBZ
LogInit:      CURL_VERSION_IPV6
LogInit:      CURL_VERSION_ASYNCHDNS
LogInit:      CURL_VERSION_LARGEFILE
LogInit:      CURL_VERSION_IDN
LogInit:  CurlRequestOptions (configurable via config and command line):
LogInit:  - bVerifyPeer = true  - Libcurl will verify peer certificate
LogInit:  - bUseHttpProxy = false  - Libcurl will NOT use HTTP proxy
LogInit:  - bDontReuseConnections = false  - Libcurl will reuse connections
LogInit:  - MaxHostConnections = 16  - Libcurl will limit the number of connections to a host
LogInit:  - LocalHostAddr = Default
LogInit:  - BufferSize = 65536
LogInit: WinSock: version 1.1 (2.2), MaxSocks=32767, MaxUdp=65467
LogInit: Build: ++UE4+Release-4.22-CL-7053642
LogInit: Engine Version: 4.22.3-7053642+++UE4+Release-4.22
LogInit: Compatible Engine Version: 4.22.0-5660361+++UE4+Release-4.22
LogInit: Net CL: 5660361
LogInit: OS: Windows 10 (Release 1803) (), CPU: Intel(R) Core(TM) i7-4790K CPU @ 4.00GHz, GPU: NVIDIA GeForce GTX 970
LogInit: Compiled (64-bit): Jun 18 2019 03:09:11
LogInit: Compiled with Visual C++: 19.16.27025.01
LogInit: Build Configuration: Development
LogInit: Branch Name: ++UE4+Release-4.22
LogInit: Command Line: 
LogInit: Base Directory: D:/Program Files/Epic Games/UE_4.22/Engine/Binaries/Win64/
LogInit: Installed Engine Build: 1
LogDevObjectVersion: Number of dev versions registered: 23
LogDevObjectVersion:   Dev-Blueprints (B0D832E4-1F89-4F0D-ACCF-7EB736FD4AA2): 10
LogDevObjectVersion:   Dev-Build (E1C64328-A22C-4D53-A36C-8E866417BD8C): 0
LogDevObjectVersion:   Dev-Core (375EC13C-06E4-48FB-B500-84F0262A717E): 3
LogDevObjectVersion:   Dev-Editor (E4B068ED-F494-42E9-A231-DA0B2E46BB41): 30
LogDevObjectVersion:   Dev-Framework (CFFC743F-43B0-4480-9391-14DF171D2073): 35
LogDevObjectVersion:   Dev-Mobile (B02B49B5-BB20-44E9-A304-32B752E40360): 2
LogDevObjectVersion:   Dev-Networking (A4E4105C-59A1-49B5-A7C5-40C4547EDFEE): 0
LogDevObjectVersion:   Dev-Online (39C831C9-5AE6-47DC-9A44-9C173E1C8E7C): 0
LogDevObjectVersion:   Dev-Physics (78F01B33-EBEA-4F98-B9B4-84EACCB95AA2): 0
LogDevObjectVersion:   Dev-Platform (6631380F-2D4D-43E0-8009-CF276956A95A): 0
LogDevObjectVersion:   Dev-Rendering (12F88B9F-8875-4AFC-A67C-D90C383ABD29): 28
LogDevObjectVersion:   Dev-Sequencer (7B5AE74C-D270-4C10-A958-57980B212A5A): 11
LogDevObjectVersion:   Dev-VR (D7296918-1DD6-4BDD-9DE2-64A83CC13884): 2
LogDevObjectVersion:   Dev-LoadTimes (C2A15278-BFE7-4AFE-6C17-90FF531DF755): 1
LogDevObjectVersion:   Private-Geometry (6EACA3D4-40EC-4CC1-B786-8BED09428FC5): 3
LogDevObjectVersion:   Dev-AnimPhys (29E575DD-E0A3-4627-9D10-D276232CDCEA): 17
LogDevObjectVersion:   Dev-Anim (AF43A65D-7FD3-4947-9873-3E8ED9C1BB05): 2
LogDevObjectVersion:   Dev-ReflectionCapture (6B266CEC-1EC7-4B8F-A30B-E4D90942FC07): 1
LogDevObjectVersion:   Dev-Automation (0DF73D61-A23F-47EA-B727-89E90C41499A): 1
LogDevObjectVersion:   FortniteMain (601D1886-AC64-4F84-AA16-D3DE0DEAC7D6): 25
LogDevObjectVersion:   Dev-Enterprise (9DFFBCD6-494F-0158-E221-12823C92A888): 6
LogDevObjectVersion:   Dev-Niagara (F2AED0AC-9AFE-416F-8664-AA7FFA26D6FC): 1
LogDevObjectVersion:   Dev-Destruction (174F1F0B-B4C6-45A5-B13F-2EE8D0FB917D): 2
LogInit: Presizing for max 16777216 objects, including 0 objects not considered by GC, pre-allocating 0 bytes for permanent pool.
LogInit: Object subsystem initialized
LogConfig: Setting CVar [[con.DebugEarlyDefault:1]]
LogConfig: Setting CVar [[r.setres:1280x720]]
[2019.09.01-21.42.09:712][  0]LogConfig: Setting CVar [[r.VSync:0]]
[2019.09.01-21.42.09:712][  0]LogConfig: Setting CVar [[r.RHICmdBypass:0]]
[2019.09.01-21.42.09:712][  0]LogConfig: Applying CVar settings from Section [/Script/Engine.RendererSettings] File [D:/Users/Joel/Documents/Unreal Projects/The_Sandbox/Saved/Config/Windows/Engine.ini]
[2019.09.01-21.42.09:712][  0]LogConfig: Setting CVar [[r.GPUCrashDebugging:0]]
[2019.09.01-21.42.09:712][  0]LogConfig: Applying CVar settings from Section [/Script/Engine.RendererOverrideSettings] File [D:/Users/Joel/Documents/Unreal Projects/The_Sandbox/Saved/Config/Windows/Engine.ini]
[2019.09.01-21.42.09:712][  0]LogConfig: Applying CVar settings from Section [/Script/Engine.StreamingSettings] File [D:/Users/Joel/Documents/Unreal Projects/The_Sandbox/Saved/Config/Windows/Engine.ini]
[2019.09.01-21.42.09:712][  0]LogConfig: Setting CVar [[s.MinBulkDataSizeForAsyncLoading:131072]]
[2019.09.01-21.42.09:712][  0]LogConfig: Setting CVar [[s.AsyncLoadingThreadEnabled:0]]
[2019.09.01-21.42.09:712][  0]LogConfig: Setting CVar [[s.EventDrivenLoaderEnabled:1]]
[2019.09.01-21.42.09:712][  0]LogConfig: Setting CVar [[s.WarnIfTimeLimitExceeded:0]]
[2019.09.01-21.42.09:712][  0]LogConfig: Setting CVar [[s.TimeLimitExceededMultiplier:1.5]]
[2019.09.01-21.42.09:712][  0]LogConfig: Setting CVar [[s.TimeLimitExceededMinTime:0.005]]
[2019.09.01-21.42.09:712][  0]LogConfig: Setting CVar [[s.UseBackgroundLevelStreaming:1]]
[2019.09.01-21.42.09:712][  0]LogConfig: Setting CVar [[s.PriorityAsyncLoadingExtraTime:15.0]]
[2019.09.01-21.42.09:712][  0]LogConfig: Setting CVar [[s.LevelStreamingActorsUpdateTimeLimit:5.0]]
[2019.09.01-21.42.09:712][  0]LogConfig: Setting CVar [[s.PriorityLevelStreamingActorsUpdateExtraTime:5.0]]
[2019.09.01-21.42.09:712][  0]LogConfig: Setting CVar [[s.LevelStreamingComponentsRegistrationGranularity:10]]
[2019.09.01-21.42.09:712][  0]LogConfig: Setting CVar [[s.UnregisterComponentsTimeLimit:1.0]]
[2019.09.01-21.42.09:712][  0]LogConfig: Setting CVar [[s.LevelStreamingComponentsUnregistrationGranularity:5]]
[2019.09.01-21.42.09:712][  0]LogConfig: Applying CVar settings from Section [/Script/Engine.GarbageCollectionSettings] File [D:/Users/Joel/Documents/Unreal Projects/The_Sandbox/Saved/Config/Windows/Engine.ini]
[2019.09.01-21.42.09:712][  0]LogConfig: Setting CVar [[gc.MaxObjectsNotConsideredByGC:1]]
[2019.09.01-21.42.09:713][  0]LogConfig: Setting CVar [[gc.SizeOfPermanentObjectPool:0]]
[2019.09.01-21.42.09:713][  0]LogConfig: Setting CVar [[gc.FlushStreamingOnGC:0]]
[2019.09.01-21.42.09:713][  0]LogConfig: Setting CVar [[gc.NumRetriesBeforeForcingGC:10]]
[2019.09.01-21.42.09:713][  0]LogConfig: Setting CVar [[gc.AllowParallelGC:1]]
[2019.09.01-21.42.09:713][  0]LogConfig: Setting CVar [[gc.TimeBetweenPurgingPendingKillObjects:61.1]]
[2019.09.01-21.42.09:713][  0]LogConfig: Setting CVar [[gc.MaxObjectsInEditor:16777216]]
[2019.09.01-21.42.09:713][  0]LogConfig: Setting CVar [[gc.IncrementalBeginDestroyEnabled:1]]
[2019.09.01-21.42.09:713][  0]LogConfig: Setting CVar [[gc.CreateGCClusters:1]]
[2019.09.01-21.42.09:713][  0]LogConfig: Setting CVar [[gc.MinGCClusterSize:5]]
[2019.09.01-21.42.09:713][  0]LogConfig: Setting CVar [[gc.ActorClusteringEnabled:0]]
[2019.09.01-21.42.09:713][  0]LogConfig: Setting CVar [[gc.BlueprintClusteringEnabled:0]]
[2019.09.01-21.42.09:713][  0]LogConfig: Setting CVar [[gc.UseDisregardForGCOnDedicatedServers:0]]
[2019.09.01-21.42.09:713][  0]LogConfig: Applying CVar settings from Section [/Script/Engine.NetworkSettings] File [D:/Users/Joel/Documents/Unreal Projects/The_Sandbox/Saved/Config/Windows/Engine.ini]
[2019.09.01-21.42.09:713][  0]LogConfig: Applying CVar settings from Section [/Script/UnrealEd.CookerSettings] File [D:/Users/Joel/Documents/Unreal Projects/The_Sandbox/Saved/Config/Windows/Engine.ini]
[2019.09.01-21.42.09:720][  0]LogConfig: Applying CVar settings from Section [ViewDistanceQuality@3] File [D:/Users/Joel/Documents/Unreal Projects/The_Sandbox/Saved/Config/Windows/Scalability.ini]
[2019.09.01-21.42.09:720][  0]LogConfig: Setting CVar [[r.SkeletalMeshLODBias:0]]
[2019.09.01-21.42.09:720][  0]LogConfig: Setting CVar [[r.ViewDistanceScale:1.0]]
[2019.09.01-21.42.09:720][  0]LogConfig: Applying CVar settings from Section [AntiAliasingQuality@3] File [D:/Users/Joel/Documents/Unreal Projects/The_Sandbox/Saved/Config/Windows/Scalability.ini]
[2019.09.01-21.42.09:720][  0]LogConfig: Setting CVar [[r.PostProcessAAQuality:4]]
[2019.09.01-21.42.09:720][  0]LogConfig: Applying CVar settings from Section [ShadowQuality@3] File [D:/Users/Joel/Documents/Unreal Projects/The_Sandbox/Saved/Config/Windows/Scalability.ini]
[2019.09.01-21.42.09:720][  0]LogConfig: Setting CVar [[r.LightFunctionQuality:1]]
[2019.09.01-21.42.09:720][  0]LogConfig: Setting CVar [[r.ShadowQuality:5]]
[2019.09.01-21.42.09:720][  0]LogConfig: Setting CVar [[r.Shadow.CSM.MaxCascades:10]]
[2019.09.01-21.42.09:720][  0]LogConfig: Setting CVar [[r.Shadow.MaxResolution:2048]]
[2019.09.01-21.42.09:720][  0]LogConfig: Setting CVar [[r.Shadow.MaxCSMResolution:2048]]
[2019.09.01-21.42.09:720][  0]LogConfig: Setting CVar [[r.Shadow.RadiusThreshold:0.01]]
[2019.09.01-21.42.09:720][  0]LogConfig: Setting CVar [[r.Shadow.DistanceScale:1.0]]
[2019.09.01-21.42.09:720][  0]LogConfig: Setting CVar [[r.Shadow.CSM.TransitionScale:1.0]]
[2019.09.01-21.42.09:720][  0]LogConfig: Setting CVar [[r.Shadow.PreShadowResolutionFactor:1.0]]
[2019.09.01-21.42.09:720][  0]LogConfig: Setting CVar [[r.DistanceFieldShadowing:1]]
[2019.09.01-21.42.09:720][  0]LogConfig: Setting CVar [[r.DistanceFieldAO:1]]
[2019.09.01-21.42.09:720][  0]LogConfig: Setting CVar [[r.AOQuality:2]]
[2019.09.01-21.42.09:720][  0]LogConfig: Setting CVar [[r.VolumetricFog:1]]
[2019.09.01-21.42.09:720][  0]LogConfig: Setting CVar [[r.VolumetricFog.GridPixelSize:8]]
[2019.09.01-21.42.09:720][  0]LogConfig: Setting CVar [[r.VolumetricFog.GridSizeZ:128]]
[2019.09.01-21.42.09:720][  0]LogConfig: Setting CVar [[r.VolumetricFog.HistoryMissSupersampleCount:4]]
[2019.09.01-21.42.09:720][  0]LogConfig: Setting CVar [[r.LightMaxDrawDistanceScale:1]]
[2019.09.01-21.42.09:720][  0]LogConfig: Setting CVar [[r.CapsuleShadows:1]]
[2019.09.01-21.42.09:720][  0]LogConfig: Applying CVar settings from Section [PostProcessQuality@3] File [D:/Users/Joel/Documents/Unreal Projects/The_Sandbox/Saved/Config/Windows/Scalability.ini]
[2019.09.01-21.42.09:720][  0]LogConfig: Setting CVar [[r.MotionBlurQuality:4]]
[2019.09.01-21.42.09:720][  0]LogConfig: Setting CVar [[r.AmbientOcclusionMipLevelFactor:0.4]]
[2019.09.01-21.42.09:720][  0]LogConfig: Setting CVar [[r.AmbientOcclusionMaxQuality:100]]
[2019.09.01-21.42.09:720][  0]LogConfig: Setting CVar [[r.AmbientOcclusionLevels:-1]]
[2019.09.01-21.42.09:720][  0]LogConfig: Setting CVar [[r.AmbientOcclusionRadiusScale:1.0]]
[2019.09.01-21.42.09:720][  0]LogConfig: Setting CVar [[r.DepthOfFieldQuality:2]]
[2019.09.01-21.42.09:720][  0]LogConfig: Setting CVar [[r.RenderTargetPoolMin:400]]
[2019.09.01-21.42.09:720][  0]LogConfig: Setting CVar [[r.LensFlareQuality:2]]
[2019.09.01-21.42.09:720][  0]LogConfig: Setting CVar [[r.SceneColorFringeQuality:1]]
[2019.09.01-21.42.09:720][  0]LogConfig: Setting CVar [[r.EyeAdaptationQuality:2]]
[2019.09.01-21.42.09:720][  0]LogConfig: Setting CVar [[r.BloomQuality:5]]
[2019.09.01-21.42.09:720][  0]LogConfig: Setting CVar [[r.FastBlurThreshold:100]]
[2019.09.01-21.42.09:720][  0]LogConfig: Setting CVar [[r.Upscale.Quality:3]]
[2019.09.01-21.42.09:720][  0]LogConfig: Setting CVar [[r.Tonemapper.GrainQuantization:1]]
[2019.09.01-21.42.09:720][  0]LogConfig: Setting CVar [[r.LightShaftQuality:1]]
[2019.09.01-21.42.09:720][  0]LogConfig: Setting CVar [[r.Filter.SizeScale:1]]
[2019.09.01-21.42.09:720][  0]LogConfig: Setting CVar [[r.Tonemapper.Quality:5]]
[2019.09.01-21.42.09:720][  0]LogConfig: Setting CVar [[r.DOF.Gather.AccumulatorQuality:1        ; higher gathering accumulator quality]]
[2019.09.01-21.42.09:720][  0]LogConfig: Setting CVar [[r.DOF.Gather.PostfilterMethod:1          ; Median3x3 postfilering method]]
[2019.09.01-21.42.09:720][  0]LogConfig: Setting CVar [[r.DOF.Gather.EnableBokehSettings:0       ; no bokeh simulation when gathering]]
[2019.09.01-21.42.09:720][  0]LogConfig: Setting CVar [[r.DOF.Gather.RingCount:4                 ; medium number of samples when gathering]]
[2019.09.01-21.42.09:720][  0]LogConfig: Setting CVar [[r.DOF.Scatter.ForegroundCompositing:1    ; additive foreground scattering]]
[2019.09.01-21.42.09:720][  0]LogConfig: Setting CVar [[r.DOF.Scatter.BackgroundCompositing:2    ; additive background scattering]]
[2019.09.01-21.42.09:720][  0]LogConfig: Setting CVar [[r.DOF.Scatter.EnableBokehSettings:1      ; bokeh simulation when scattering]]
[2019.09.01-21.42.09:720][  0]LogConfig: Setting CVar [[r.DOF.Scatter.MaxSpriteRatio:0.1         ; only a maximum of 10% of scattered bokeh]]
[2019.09.01-21.42.09:720][  0]LogConfig: Setting CVar [[r.DOF.Recombine.Quality:1                ; cheap slight out of focus]]
[2019.09.01-21.42.09:720][  0]LogConfig: Setting CVar [[r.DOF.Recombine.EnableBokehSettings:0    ; no bokeh simulation on slight out of focus]]
[2019.09.01-21.42.09:720][  0]LogConfig: Setting CVar [[r.DOF.TemporalAAQuality:1                ; more stable temporal accumulation]]
[2019.09.01-21.42.09:720][  0]LogConfig: Setting CVar [[r.DOF.Kernel.MaxForegroundRadius:0.025]]
[2019.09.01-21.42.09:720][  0]LogConfig: Setting CVar [[r.DOF.Kernel.MaxBackgroundRadius:0.025]]
[2019.09.01-21.42.09:720][  0]LogConfig: Applying CVar settings from Section [TextureQuality@3] File [D:/Users/Joel/Documents/Unreal Projects/The_Sandbox/Saved/Config/Windows/Scalability.ini]
[2019.09.01-21.42.09:720][  0]LogConfig: Setting CVar [[r.Streaming.MipBias:0]]
[2019.09.01-21.42.09:720][  0]LogConfig: Setting CVar [[r.Streaming.AmortizeCPUToGPUCopy:0]]
[2019.09.01-21.42.09:720][  0]LogConfig: Setting CVar [[r.Streaming.MaxNumTexturesToStreamPerFrame:0]]
[2019.09.01-21.42.09:720][  0]LogConfig: Setting CVar [[r.Streaming.Boost:1]]
[2019.09.01-21.42.09:720][  0]LogConfig: Setting CVar [[r.MaxAnisotropy:8]]
[2019.09.01-21.42.09:720][  0]LogConfig: Setting CVar [[r.Streaming.LimitPoolSizeToVRAM:0]]
[2019.09.01-21.42.09:720][  0]LogConfig: Setting CVar [[r.Streaming.PoolSize:1000]]
[2019.09.01-21.42.09:720][  0]LogConfig: Setting CVar [[r.Streaming.MaxEffectiveScreenSize:0]]
[2019.09.01-21.42.09:720][  0]LogConfig: Applying CVar settings from Section [EffectsQuality@3] File [D:/Users/Joel/Documents/Unreal Projects/The_Sandbox/Saved/Config/Windows/Scalability.ini]
[2019.09.01-21.42.09:720][  0]LogConfig: Setting CVar [[r.TranslucencyLightingVolumeDim:64]]
[2019.09.01-21.42.09:720][  0]LogConfig: Setting CVar [[r.RefractionQuality:2]]
[2019.09.01-21.42.09:720][  0]LogConfig: Setting CVar [[r.SSR.Quality:3]]
[2019.09.01-21.42.09:720][  0]LogConfig: Setting CVar [[r.SceneColorFormat:4]]
[2019.09.01-21.42.09:720][  0]LogConfig: Setting CVar [[r.DetailMode:2]]
[2019.09.01-21.42.09:720][  0]LogConfig: Setting CVar [[r.TranslucencyVolumeBlur:1]]
[2019.09.01-21.42.09:720][  0]LogConfig: Setting CVar [[r.MaterialQualityLevel:1 ; High quality]]
[2019.09.01-21.42.09:720][  0]LogConfig: Setting CVar [[r.SSS.Scale:1]]
[2019.09.01-21.42.09:720][  0]LogConfig: Setting CVar [[r.SSS.SampleSet:2]]
[2019.09.01-21.42.09:720][  0]LogConfig: Setting CVar [[r.SSS.Quality:1]]
[2019.09.01-21.42.09:720][  0]LogConfig: Setting CVar [[r.SSS.HalfRes:1]]
[2019.09.01-21.42.09:720][  0]LogConfig: Setting CVar [[r.EmitterSpawnRateScale:1.0]]
[2019.09.01-21.42.09:720][  0]LogConfig: Setting CVar [[r.ParticleLightQuality:2]]
[2019.09.01-21.42.09:720][  0]LogConfig: Applying CVar settings from Section [FoliageQuality@3] File [D:/Users/Joel/Documents/Unreal Projects/The_Sandbox/Saved/Config/Windows/Scalability.ini]
[2019.09.01-21.42.09:720][  0]LogConfig: Setting CVar [[foliage.DensityScale:1.0]]
[2019.09.01-21.42.09:720][  0]LogConfig: Setting CVar [[grass.DensityScale:1.0]]
[2019.09.01-21.42.09:720][  0]LogInit: Selected Device Profile: [Windows]
[2019.09.01-21.42.09:720][  0]LogInit: Applying CVar settings loaded from the selected device profile: [Windows]
[2019.09.01-21.42.09:737][  0]LogHAL: Display: Platform has ~ 16 GB [17119911936 / 17179869184 / 16], which maps to Larger [LargestMinGB=32, LargerMinGB=12, DefaultMinGB=8, SmallerMinGB=6, SmallestMinGB=0)
[2019.09.01-21.42.09:737][  0]LogConfig: Setting CVar [[r.Vulkan.UseRealUBs:0		; Required until we fix HLR fall-out]]
[2019.09.01-21.42.09:737][  0]LogInit: Going up to parent DeviceProfile []
[2019.09.01-21.42.09:737][  0]LogConfig: Applying CVar settings from Section [ViewDistanceQuality@3] File [D:/Users/Joel/Documents/Unreal Projects/The_Sandbox/Saved/Config/Windows/Scalability.ini]
[2019.09.01-21.42.09:737][  0]LogConfig: Setting CVar [[r.SkeletalMeshLODBias:0]]
[2019.09.01-21.42.09:737][  0]LogConfig: Setting CVar [[r.ViewDistanceScale:1.0]]
[2019.09.01-21.42.09:737][  0]LogConfig: Applying CVar settings from Section [AntiAliasingQuality@3] File [D:/Users/Joel/Documents/Unreal Projects/The_Sandbox/Saved/Config/Windows/Scalability.ini]
[2019.09.01-21.42.09:737][  0]LogConfig: Setting CVar [[r.PostProcessAAQuality:4]]
[2019.09.01-21.42.09:737][  0]LogConfig: Applying CVar settings from Section [ShadowQuality@3] File [D:/Users/Joel/Documents/Unreal Projects/The_Sandbox/Saved/Config/Windows/Scalability.ini]
[2019.09.01-21.42.09:737][  0]LogConfig: Setting CVar [[r.LightFunctionQuality:1]]
[2019.09.01-21.42.09:737][  0]LogConfig: Setting CVar [[r.ShadowQuality:5]]
[2019.09.01-21.42.09:737][  0]LogConfig: Setting CVar [[r.Shadow.CSM.MaxCascades:10]]
[2019.09.01-21.42.09:737][  0]LogConfig: Setting CVar [[r.Shadow.MaxResolution:2048]]
[2019.09.01-21.42.09:737][  0]LogConfig: Setting CVar [[r.Shadow.MaxCSMResolution:2048]]
[2019.09.01-21.42.09:738][  0]LogConfig: Setting CVar [[r.Shadow.RadiusThreshold:0.01]]
[2019.09.01-21.42.09:738][  0]LogConfig: Setting CVar [[r.Shadow.DistanceScale:1.0]]
[2019.09.01-21.42.09:738][  0]LogConfig: Setting CVar [[r.Shadow.CSM.TransitionScale:1.0]]
[2019.09.01-21.42.09:738][  0]LogConfig: Setting CVar [[r.Shadow.PreShadowResolutionFactor:1.0]]
[2019.09.01-21.42.09:738][  0]LogConfig: Setting CVar [[r.DistanceFieldShadowing:1]]
[2019.09.01-21.42.09:738][  0]LogConfig: Setting CVar [[r.DistanceFieldAO:1]]
[2019.09.01-21.42.09:738][  0]LogConfig: Setting CVar [[r.AOQuality:2]]
[2019.09.01-21.42.09:738][  0]LogConfig: Setting CVar [[r.VolumetricFog:1]]
[2019.09.01-21.42.09:738][  0]LogConfig: Setting CVar [[r.VolumetricFog.GridPixelSize:8]]
[2019.09.01-21.42.09:738][  0]LogConfig: Setting CVar [[r.VolumetricFog.GridSizeZ:128]]
[2019.09.01-21.42.09:738][  0]LogConfig: Setting CVar [[r.VolumetricFog.HistoryMissSupersampleCount:4]]
[2019.09.01-21.42.09:738][  0]LogConfig: Setting CVar [[r.LightMaxDrawDistanceScale:1]]
[2019.09.01-21.42.09:738][  0]LogConfig: Setting CVar [[r.CapsuleShadows:1]]
[2019.09.01-21.42.09:738][  0]LogConfig: Applying CVar settings from Section [PostProcessQuality@3] File [D:/Users/Joel/Documents/Unreal Projects/The_Sandbox/Saved/Config/Windows/Scalability.ini]
[2019.09.01-21.42.09:738][  0]LogConfig: Setting CVar [[r.MotionBlurQuality:4]]
[2019.09.01-21.42.09:738][  0]LogConfig: Setting CVar [[r.AmbientOcclusionMipLevelFactor:0.4]]
[2019.09.01-21.42.09:738][  0]LogConfig: Setting CVar [[r.AmbientOcclusionMaxQuality:100]]
[2019.09.01-21.42.09:738][  0]LogConfig: Setting CVar [[r.AmbientOcclusionLevels:-1]]
[2019.09.01-21.42.09:738][  0]LogConfig: Setting CVar [[r.AmbientOcclusionRadiusScale:1.0]]
[2019.09.01-21.42.09:738][  0]LogConfig: Setting CVar [[r.DepthOfFieldQuality:2]]
[2019.09.01-21.42.09:738][  0]LogConfig: Setting CVar [[r.RenderTargetPoolMin:400]]
[2019.09.01-21.42.09:738][  0]LogConfig: Setting CVar [[r.LensFlareQuality:2]]
[2019.09.01-21.42.09:738][  0]LogConfig: Setting CVar [[r.SceneColorFringeQuality:1]]
[2019.09.01-21.42.09:738][  0]LogConfig: Setting CVar [[r.EyeAdaptationQuality:2]]
[2019.09.01-21.42.09:738][  0]LogConfig: Setting CVar [[r.BloomQuality:5]]
[2019.09.01-21.42.09:738][  0]LogConfig: Setting CVar [[r.FastBlurThreshold:100]]
[2019.09.01-21.42.09:738][  0]LogConfig: Setting CVar [[r.Upscale.Quality:3]]
[2019.09.01-21.42.09:738][  0]LogConfig: Setting CVar [[r.Tonemapper.GrainQuantization:1]]
[2019.09.01-21.42.09:738][  0]LogConfig: Setting CVar [[r.LightShaftQuality:1]]
[2019.09.01-21.42.09:738][  0]LogConfig: Setting CVar [[r.Filter.SizeScale:1]]
[2019.09.01-21.42.09:738][  0]LogConfig: Setting CVar [[r.Tonemapper.Quality:5]]
[2019.09.01-21.42.09:738][  0]LogConfig: Setting CVar [[r.DOF.Gather.AccumulatorQuality:1        ; higher gathering accumulator quality]]
[2019.09.01-21.42.09:738][  0]LogConfig: Setting CVar [[r.DOF.Gather.PostfilterMethod:1          ; Median3x3 postfilering method]]
[2019.09.01-21.42.09:738][  0]LogConfig: Setting CVar [[r.DOF.Gather.EnableBokehSettings:0       ; no bokeh simulation when gathering]]
[2019.09.01-21.42.09:738][  0]LogConfig: Setting CVar [[r.DOF.Gather.RingCount:4                 ; medium number of samples when gathering]]
[2019.09.01-21.42.09:738][  0]LogConfig: Setting CVar [[r.DOF.Scatter.ForegroundCompositing:1    ; additive foreground scattering]]
[2019.09.01-21.42.09:738][  0]LogConfig: Setting CVar [[r.DOF.Scatter.BackgroundCompositing:2    ; additive background scattering]]
[2019.09.01-21.42.09:738][  0]LogConfig: Setting CVar [[r.DOF.Scatter.EnableBokehSettings:1      ; bokeh simulation when scattering]]
[2019.09.01-21.42.09:738][  0]LogConfig: Setting CVar [[r.DOF.Scatter.MaxSpriteRatio:0.1         ; only a maximum of 10% of scattered bokeh]]
[2019.09.01-21.42.09:738][  0]LogConfig: Setting CVar [[r.DOF.Recombine.Quality:1                ; cheap slight out of focus]]
[2019.09.01-21.42.09:738][  0]LogConfig: Setting CVar [[r.DOF.Recombine.EnableBokehSettings:0    ; no bokeh simulation on slight out of focus]]
[2019.09.01-21.42.09:738][  0]LogConfig: Setting CVar [[r.DOF.TemporalAAQuality:1                ; more stable temporal accumulation]]
[2019.09.01-21.42.09:738][  0]LogConfig: Setting CVar [[r.DOF.Kernel.MaxForegroundRadius:0.025]]
[2019.09.01-21.42.09:738][  0]LogConfig: Setting CVar [[r.DOF.Kernel.MaxBackgroundRadius:0.025]]
[2019.09.01-21.42.09:738][  0]LogConfig: Applying CVar settings from Section [TextureQuality@3] File [D:/Users/Joel/Documents/Unreal Projects/The_Sandbox/Saved/Config/Windows/Scalability.ini]
[2019.09.01-21.42.09:738][  0]LogConfig: Setting CVar [[r.Streaming.MipBias:0]]
[2019.09.01-21.42.09:738][  0]LogConfig: Setting CVar [[r.Streaming.AmortizeCPUToGPUCopy:0]]
[2019.09.01-21.42.09:738][  0]LogConfig: Setting CVar [[r.Streaming.MaxNumTexturesToStreamPerFrame:0]]
[2019.09.01-21.42.09:738][  0]LogConfig: Setting CVar [[r.Streaming.Boost:1]]
[2019.09.01-21.42.09:738][  0]LogConfig: Setting CVar [[r.MaxAnisotropy:8]]
[2019.09.01-21.42.09:738][  0]LogConfig: Setting CVar [[r.Streaming.LimitPoolSizeToVRAM:0]]
[2019.09.01-21.42.09:738][  0]LogConfig: Setting CVar [[r.Streaming.PoolSize:1000]]
[2019.09.01-21.42.09:738][  0]LogConfig: Setting CVar [[r.Streaming.MaxEffectiveScreenSize:0]]
[2019.09.01-21.42.09:738][  0]LogConfig: Applying CVar settings from Section [EffectsQuality@3] File [D:/Users/Joel/Documents/Unreal Projects/The_Sandbox/Saved/Config/Windows/Scalability.ini]
[2019.09.01-21.42.09:738][  0]LogConfig: Setting CVar [[r.TranslucencyLightingVolumeDim:64]]
[2019.09.01-21.42.09:738][  0]LogConfig: Setting CVar [[r.RefractionQuality:2]]
[2019.09.01-21.42.09:738][  0]LogConfig: Setting CVar [[r.SSR.Quality:3]]
[2019.09.01-21.42.09:738][  0]LogConfig: Setting CVar [[r.SceneColorFormat:4]]
[2019.09.01-21.42.09:738][  0]LogConfig: Setting CVar [[r.DetailMode:2]]
[2019.09.01-21.42.09:738][  0]LogConfig: Setting CVar [[r.TranslucencyVolumeBlur:1]]
[2019.09.01-21.42.09:738][  0]LogConfig: Setting CVar [[r.MaterialQualityLevel:1 ; High quality]]
[2019.09.01-21.42.09:738][  0]LogConfig: Setting CVar [[r.SSS.Scale:1]]
[2019.09.01-21.42.09:738][  0]LogConfig: Setting CVar [[r.SSS.SampleSet:2]]
[2019.09.01-21.42.09:738][  0]LogConfig: Setting CVar [[r.SSS.Quality:1]]
[2019.09.01-21.42.09:738][  0]LogConfig: Setting CVar [[r.SSS.HalfRes:1]]
[2019.09.01-21.42.09:738][  0]LogConfig: Setting CVar [[r.EmitterSpawnRateScale:1.0]]
[2019.09.01-21.42.09:738][  0]LogConfig: Setting CVar [[r.ParticleLightQuality:2]]
[2019.09.01-21.42.09:738][  0]LogConfig: Applying CVar settings from Section [FoliageQuality@3] File [D:/Users/Joel/Documents/Unreal Projects/The_Sandbox/Saved/Config/Windows/Scalability.ini]
[2019.09.01-21.42.09:738][  0]LogConfig: Setting CVar [[foliage.DensityScale:1.0]]
[2019.09.01-21.42.09:738][  0]LogConfig: Setting CVar [[grass.DensityScale:1.0]]
[2019.09.01-21.42.09:738][  0]LogConfig: Applying CVar settings from Section [Startup] File [../../../Engine/Config/ConsoleVariables.ini]
[2019.09.01-21.42.09:741][  0]LogConfig: Setting CVar [[net.UseAdaptiveNetUpdateFrequency:0]]
[2019.09.01-21.42.09:741][  0]LogConfig: Setting CVar [[p.chaos.AllowCreatePhysxBodies:1]]
[2019.09.01-21.42.09:741][  0]LogConfig: Applying CVar settings from Section [ConsoleVariables] File [D:/Users/Joel/Documents/Unreal Projects/The_Sandbox/Saved/Config/Windows/Engine.ini]
[2019.09.01-21.42.09:741][  0]LogInit: Computer: DESKTOP-B9BREO3
[2019.09.01-21.42.09:741][  0]LogInit: User: Joel
[2019.09.01-21.42.09:741][  0]LogInit: CPU Page size=4096, Cores=4
[2019.09.01-21.42.09:741][  0]LogInit: High frequency timer resolution =3.906248 MHz
[2019.09.01-21.42.09:742][  0]LogMemory: Memory total: Physical=15.9GB (16GB approx)
[2019.09.01-21.42.09:742][  0]LogMemory: Platform Memory Stats for Windows
[2019.09.01-21.42.09:742][  0]LogMemory: Process Physical Memory: 96.51 MB used, 96.51 MB peak
[2019.09.01-21.42.09:742][  0]LogMemory: Process Virtual Memory: 88.93 MB used, 88.93 MB peak
[2019.09.01-21.42.09:742][  0]LogMemory: Physical Memory: 7399.82 MB used,  8927.00 MB free, 16326.82 MB total
[2019.09.01-21.42.09:742][  0]LogMemory: Virtual Memory: 4659.05 MB used,  134213072.00 MB free, 134217728.00 MB total
[2019.09.01-21.42.10:560][  0]LogInit: Using OS detected language (en-US).
[2019.09.01-21.42.10:560][  0]LogInit: Using OS detected locale (en-US).
[2019.09.01-21.42.10:561][  0]LogTextLocalizationManager: No specific localization for 'en-US' exists, so the 'en' localization will be used.
[2019.09.01-21.42.10:773][  0]LogInit: Setting process to per monitor DPI aware
[2019.09.01-21.42.10:858][  0]LogSlate: New Slate User Created.  User Index 0, Is Virtual User: 0
[2019.09.01-21.42.10:858][  0]LogSlate: Slate User Registered.  User Index 0, Is Virtual User: 0
[2019.09.01-21.42.12:284][  0]LogHMD: Failed to initialize OpenVR with code 110
[2019.09.01-21.42.12:284][  0]LogD3D11RHI: D3D11 adapters:
[2019.09.01-21.42.12:351][  0]LogD3D11RHI:    0. 'NVIDIA GeForce GTX 970' (Feature Level 11_0)
[2019.09.01-21.42.12:351][  0]LogD3D11RHI:       4043/0/8163 MB DedicatedVideo/DedicatedSystem/SharedSystem, Outputs:2, VendorId:0x10de
[2019.09.01-21.42.12:353][  0]LogD3D11RHI:    1. 'Microsoft Basic Render Driver' (Feature Level 11_0)
[2019.09.01-21.42.12:353][  0]LogD3D11RHI:       0/0/8163 MB DedicatedVideo/DedicatedSystem/SharedSystem, Outputs:0, VendorId:0x1414
[2019.09.01-21.42.12:353][  0]LogD3D11RHI: Chosen D3D11 Adapter: 0
[2019.09.01-21.42.12:361][  0]LogD3D11RHI: Creating new Direct3DDevice
[2019.09.01-21.42.12:361][  0]LogD3D11RHI:     GPU DeviceId: 0x13c2 (for the marketing name, search the web for "GPU Device Id")
[2019.09.01-21.42.12:361][  0]LogWindows: EnumDisplayDevices:
[2019.09.01-21.42.12:361][  0]LogWindows:    0. 'NVIDIA GeForce GTX 970' (P:1 D:1)
[2019.09.01-21.42.12:361][  0]LogWindows:    1. 'NVIDIA GeForce GTX 970' (P:0 D:1)
[2019.09.01-21.42.12:362][  0]LogWindows:    2. 'NVIDIA GeForce GTX 970' (P:0 D:0)
[2019.09.01-21.42.12:362][  0]LogWindows:    3. 'NVIDIA GeForce GTX 970' (P:0 D:0)
[2019.09.01-21.42.12:362][  0]LogWindows: DebugString: FoundDriverCount:4 
[2019.09.01-21.42.12:362][  0]LogD3D11RHI:     Adapter Name: NVIDIA GeForce GTX 970
[2019.09.01-21.42.12:362][  0]LogD3D11RHI:   Driver Version: 430.39 (internal:26.21.14.3039, unified:430.39)
[2019.09.01-21.42.12:362][  0]LogD3D11RHI:      Driver Date: 4-17-2019
[2019.09.01-21.42.12:362][  0]LogRHI: Texture pool is 2830 MB (70% of 4043 MB)
[2019.09.01-21.42.12:402][  0]LogD3D11RHI: Async texture creation enabled
[2019.09.01-21.42.12:406][  0]LogRendererCore: FGlobalReadBuffer::InitRHI
[2019.09.01-21.42.12:406][  0]LogRendererCore: FGlobalReadBuffer::InitRHI
[2019.09.01-21.42.12:406][  0]LogRendererCore: FGlobalReadBuffer::InitRHI
[2019.09.01-21.42.12:414][  0]LogD3D11RHI: GPU Timing Frequency: 1000.000000 (Debug: 2 1)
[2019.09.01-21.42.12:933][  0]LogTemp: Display: Module 'AllDesktopTargetPlatform' loaded TargetPlatform 'AllDesktop'
[2019.09.01-21.42.12:962][  0]LogTemp: Display: Module 'MacClientTargetPlatform' loaded TargetPlatform 'MacClient'
[2019.09.01-21.42.13:001][  0]LogTemp: Display: Module 'MacNoEditorTargetPlatform' loaded TargetPlatform 'MacNoEditor'
[2019.09.01-21.42.13:034][  0]LogTemp: Display: Module 'MacServerTargetPlatform' loaded TargetPlatform 'MacServer'
[2019.09.01-21.42.13:061][  0]LogTemp: Display: Module 'MacTargetPlatform' loaded TargetPlatform 'Mac'
[2019.09.01-21.42.13:092][  0]LogTemp: Display: Module 'WindowsClientTargetPlatform' loaded TargetPlatform 'WindowsClient'
[2019.09.01-21.42.13:112][  0]LogTemp: Display: Module 'WindowsNoEditorTargetPlatform' loaded TargetPlatform 'WindowsNoEditor'
[2019.09.01-21.42.13:131][  0]LogTemp: Display: Module 'WindowsServerTargetPlatform' loaded TargetPlatform 'WindowsServer'
[2019.09.01-21.42.13:146][  0]LogTemp: Display: Module 'WindowsTargetPlatform' loaded TargetPlatform 'Windows'
[2019.09.01-21.42.13:241][  0]LogTemp: Display: Module 'AndroidTargetPlatform' loaded TargetPlatform 'Android'
[2019.09.01-21.42.13:241][  0]LogTemp: Display: Module 'AndroidTargetPlatform' loaded TargetPlatform 'Android_ASTC'
[2019.09.01-21.42.13:241][  0]LogTemp: Display: Module 'AndroidTargetPlatform' loaded TargetPlatform 'Android_ATC'
[2019.09.01-21.42.13:241][  0]LogTemp: Display: Module 'AndroidTargetPlatform' loaded TargetPlatform 'Android_DXT'
[2019.09.01-21.42.13:241][  0]LogTemp: Display: Module 'AndroidTargetPlatform' loaded TargetPlatform 'Android_ETC1'
[2019.09.01-21.42.13:241][  0]LogTemp: Display: Module 'AndroidTargetPlatform' loaded TargetPlatform 'Android_ETC1a'
[2019.09.01-21.42.13:241][  0]LogTemp: Display: Module 'AndroidTargetPlatform' loaded TargetPlatform 'Android_ETC2'
[2019.09.01-21.42.13:241][  0]LogTemp: Display: Module 'AndroidTargetPlatform' loaded TargetPlatform 'Android_PVRTC'
[2019.09.01-21.42.13:241][  0]LogTemp: Display: Module 'AndroidTargetPlatform' loaded TargetPlatform 'AndroidClient'
[2019.09.01-21.42.13:241][  0]LogTemp: Display: Module 'AndroidTargetPlatform' loaded TargetPlatform 'Android_ASTCClient'
[2019.09.01-21.42.13:241][  0]LogTemp: Display: Module 'AndroidTargetPlatform' loaded TargetPlatform 'Android_ATCClient'
[2019.09.01-21.42.13:241][  0]LogTemp: Display: Module 'AndroidTargetPlatform' loaded TargetPlatform 'Android_DXTClient'
[2019.09.01-21.42.13:241][  0]LogTemp: Display: Module 'AndroidTargetPlatform' loaded TargetPlatform 'Android_ETC1Client'
[2019.09.01-21.42.13:241][  0]LogTemp: Display: Module 'AndroidTargetPlatform' loaded TargetPlatform 'Android_ETC1aClient'
[2019.09.01-21.42.13:241][  0]LogTemp: Display: Module 'AndroidTargetPlatform' loaded TargetPlatform 'Android_ETC2Client'
[2019.09.01-21.42.13:241][  0]LogTemp: Display: Module 'AndroidTargetPlatform' loaded TargetPlatform 'Android_PVRTCClient'
[2019.09.01-21.42.13:241][  0]LogTemp: Display: Module 'AndroidTargetPlatform' loaded TargetPlatform 'Android_Multi'
[2019.09.01-21.42.13:241][  0]LogTemp: Display: Module 'AndroidTargetPlatform' loaded TargetPlatform 'Android_MultiClient'
[2019.09.01-21.42.13:269][  0]LogTemp: Display: Module 'HTML5TargetPlatform' loaded TargetPlatform 'HTML5'
[2019.09.01-21.42.13:358][  0]LogTemp: Display: Module 'IOSTargetPlatform' loaded TargetPlatform 'IOSClient'
[2019.09.01-21.42.13:358][  0]LogTemp: Display: Module 'IOSTargetPlatform' loaded TargetPlatform 'IOS'
[2019.09.01-21.42.13:387][  0]LogTemp: Display: Module 'TVOSTargetPlatform' loaded TargetPlatform 'TVOSClient'
[2019.09.01-21.42.13:387][  0]LogTemp: Display: Module 'TVOSTargetPlatform' loaded TargetPlatform 'TVOS'
[2019.09.01-21.42.13:415][  0]LogTemp: Display: Module 'LinuxClientTargetPlatform' loaded TargetPlatform 'LinuxClient'
[2019.09.01-21.42.13:434][  0]LogTemp: Display: Module 'LinuxNoEditorTargetPlatform' loaded TargetPlatform 'LinuxNoEditor'
[2019.09.01-21.42.13:453][  0]LogTemp: Display: Module 'LinuxServerTargetPlatform' loaded TargetPlatform 'LinuxServer'
[2019.09.01-21.42.13:500][  0]LogTemp: Display: Module 'LinuxTargetPlatform' loaded TargetPlatform 'Linux'
[2019.09.01-21.42.13:567][  0]LogTemp: Display: Module 'LuminTargetPlatform' loaded TargetPlatform 'Lumin'
[2019.09.01-21.42.13:567][  0]LogTemp: Display: Module 'LuminTargetPlatform' loaded TargetPlatform 'LuminClient'
[2019.09.01-21.42.13:567][  0]LogTargetPlatformManager: Display: Building Assets For Windows
[2019.09.01-21.42.13:657][  0]LogAudioDebug: Display: Lib vorbis DLL was dynamically loaded.
[2019.09.01-21.42.14:178][  0]LogShaderCompilers: Guid format shader working directory is -22 characters bigger than the processId version (../../../../../../Users/Joel/Documents/Unreal Projects/The_Sandbox/Intermediate/Shaders/WorkingDirectory/12088/).
[2019.09.01-21.42.14:178][  0]LogShaderCompilers: Cleaned the shader compiler working directory 'C:/Users/Joel/AppData/Local/Temp/UnrealShaderWorkingDir/32B4870A4AC01241073986B5D7E05A0D/'.
[2019.09.01-21.42.14:180][  0]LogXGEController: Cleaning working directory: C:/Users/Joel/AppData/Local/Temp/UnrealXGEWorkingDir/
[2019.09.01-21.42.14:180][  0]LogXGEController: Cannot use XGE Controller as Incredibuild is not installed on this machine.
[2019.09.01-21.42.14:180][  0]LogShaderCompilers: Cannot use XGE Shader Compiler as Incredibuild is not installed on this machine.
[2019.09.01-21.42.14:180][  0]LogShaderCompilers: Display: Using Local Shader Compiler.
[2019.09.01-21.42.15:619][  0]LogDerivedDataCache: Display: Max Cache Size: 512 MB
[2019.09.01-21.42.15:688][  0]LogDerivedDataCache: Loaded boot cache 0.07s 71MB C:/Users/Joel/AppData/Local/UnrealEngine/4.22/DerivedDataCache/Boot.ddc.
[2019.09.01-21.42.15:688][  0]LogDerivedDataCache: Display: Loaded Boot cache: C:/Users/Joel/AppData/Local/UnrealEngine/4.22/DerivedDataCache/Boot.ddc
[2019.09.01-21.42.15:688][  0]LogDerivedDataCache: FDerivedDataBackendGraph:  Pak pak cache file ../../../../../../Users/Joel/Documents/Unreal Projects/The_Sandbox/DerivedDataCache/DDC.ddp not found, will not use a pak cache.
[2019.09.01-21.42.15:688][  0]LogDerivedDataCache: Unable to find inner node Pak for hierarchical cache Hierarchy.
[2019.09.01-21.42.15:688][  0]LogDerivedDataCache: FDerivedDataBackendGraph:  CompressedPak pak cache file ../../../../../../Users/Joel/Documents/Unreal Projects/The_Sandbox/DerivedDataCache/Compressed.ddp not found, will not use a pak cache.
[2019.09.01-21.42.15:688][  0]LogDerivedDataCache: Unable to find inner node CompressedPak for hierarchical cache Hierarchy.
[2019.09.01-21.42.15:805][  0]LogDerivedDataCache: Display: Pak cache opened for reading ../../../Engine/DerivedDataCache/Compressed.ddp.
[2019.09.01-21.42.15:805][  0]LogDerivedDataCache: FDerivedDataBackendGraph:  EnterprisePak pak cache file ../../../Enterprise/DerivedDataCache/Compressed.ddp not found, will not use a pak cache.
[2019.09.01-21.42.15:805][  0]LogDerivedDataCache: Unable to find inner node EnterprisePak for hierarchical cache Hierarchy.
[2019.09.01-21.42.15:817][  0]LogDerivedDataCache: Using Local data cache path C:/Users/Joel/AppData/Local/UnrealEngine/Common/DerivedDataCache: Writable
[2019.09.01-21.42.15:817][  0]LogDerivedDataCache: Shared data cache path not found in *engine.ini, will not use an Shared cache.
[2019.09.01-21.42.15:817][  0]LogDerivedDataCache: Unable to find inner node Shared for hierarchical cache Hierarchy.
[2019.09.01-21.42.15:836][  0]LogMaterial: Verifying Global Shaders for PCD3D_SM5
[2019.09.01-21.42.15:837][  0]LogSlate: Using FreeType 2.6.0
[2019.09.01-21.42.15:846][  0]LogSlate: SlateFontServices - WITH_FREETYPE: 1, WITH_HARFBUZZ: 1
[2019.09.01-21.42.16:018][  0]LogAssetRegistry: FAssetRegistry took 0.0319 seconds to start up
[2019.09.01-21.42.16:363][  0]LogInit: Selected Device Profile: [Windows]
[2019.09.01-21.42.17:041][  0]LogMeshReduction: Using QuadricMeshReduction for automatic static mesh reduction
[2019.09.01-21.42.17:041][  0]LogMeshReduction: Using SimplygonMeshReduction for automatic skeletal mesh reduction
[2019.09.01-21.42.17:041][  0]LogMeshReduction: Using ProxyLODMeshReduction for automatic mesh merging
[2019.09.01-21.42.17:041][  0]LogMeshReduction: No distributed automatic mesh merging module available
[2019.09.01-21.42.17:041][  0]LogMeshMerging: No distributed automatic mesh merging module available
[2019.09.01-21.42.17:098][  0]LogNetVersion: The_Sandbox 1.0.0, NetCL: 5660361, EngineNetVer: 10, GameNetVer: 0 (Checksum: 144911948)
[2019.09.01-21.42.18:393][  0]LogPackageLocalizationCache: Processed 10 localized package path(s) for 1 prioritized culture(s) in 0.035049 seconds
[2019.09.01-21.42.18:398][  0]LogUObjectArray: 42205 objects as part of root set at end of initial load.
[2019.09.01-21.42.18:398][  0]LogUObjectAllocator: 7325032 out of 0 bytes used by permanent object pool.
[2019.09.01-21.42.18:398][  0]LogUObjectArray: CloseDisregardForGC: 0/0 objects in disregard for GC pool
[2019.09.01-21.42.21:744][  0]LogTcpMessaging: Initializing TcpMessaging bridge
[2019.09.01-21.42.21:779][  0]LogUdpMessaging: Initializing bridge on interface 0.0.0.0:0 to multicast group 230.0.0.1:6666.
[2019.09.01-21.42.22:324][  0]SourceControl: Source control is disabled
[2019.09.01-21.42.22:324][  0]SourceControl: Source control is disabled
[2019.09.01-21.42.22:362][  0]SourceControl: Source control is disabled
[2019.09.01-21.42.22:385][  0]SourceControl: Source control is disabled
[2019.09.01-21.42.23:256][  0]LogAndroidPermission: UAndroidPermissionCallbackProxy::GetInstance
[2019.09.01-21.42.23:742][  0]LogOcInput: OculusInput pre-init called
[2019.09.01-21.42.24:748][  0]LogEngine: Initializing Engine...
[2019.09.01-21.42.24:749][  0]LogHMD: Failed to initialize OpenVR with code 110
[2019.09.01-21.42.24:750][  0]LogStats: UGameplayTagsManager::InitializeManager -  0.000 s
[2019.09.01-21.42.25:225][  0]LogInit: Initializing FReadOnlyCVARCache
[2019.09.01-21.42.25:264][  0]LogAIModule: Creating AISystem for world Untitled
[2019.09.01-21.42.25:313][  0]LogInit: XAudio2 using 'Speakers (Logitech G933 Gaming Headset)' : 6 channels at 48 kHz using 16 bits per sample (channel mask 0x3f)
[2019.09.01-21.42.25:336][  0]LogInit: FAudioDevice initialized.
[2019.09.01-21.42.25:336][  0]LogNetVersion: Set ProjectVersion to 1.0.0.0. Version Checksum will be recalculated on next use.
[2019.09.01-21.42.25:413][  0]LogDerivedDataCache: Saved boot cache 0.08s 71MB C:/Users/Joel/AppData/Local/UnrealEngine/4.22/DerivedDataCache/Boot.ddc.
[2019.09.01-21.42.25:426][  0]LogInit: Texture streaming: Enabled
[2019.09.01-21.42.25:518][  0]LogEngineSessionManager: EngineSessionManager initialized
[2019.09.01-21.42.25:581][  0]LogInit: Transaction tracking system initialized
[2019.09.01-21.42.25:771][  0]BlueprintLog: New page: Editor Load
[2019.09.01-21.42.26:499][  0]LocalizationService: Localization service is disabled
[2019.09.01-21.42.27:595][  0]LogFileCache: Scanning file cache for directory 'D:/Users/Joel/Documents/Unreal Projects/The_Sandbox/Content/' took 0.02s
[2019.09.01-21.42.27:595][  0]LogCook: Display: Max memory allowance for cook 16384mb min free memory 0mb
[2019.09.01-21.42.27:595][  0]LogCook: Display: Mobile HDR setting 1
[2019.09.01-21.42.28:707][  0]SourceControl: Source control is disabled
[2019.09.01-21.42.28:708][  0]Cmd: MAP LOAD FILE="../../../../../../Users/Joel/Documents/Unreal Projects/The_Sandbox/Content/ThirdPersonBP/Maps/ThirdPersonExampleMap.umap" TEMPLATE=0 SHOWPROGRESS=1 FEATURELEVEL=3
[2019.09.01-21.42.28:711][  0]LightingResults: New page: Lighting Build
[2019.09.01-21.42.28:713][  0]MapCheck: New page: Map Check
[2019.09.01-21.42.28:713][  0]LightingResults: New page: Lighting Build
[2019.09.01-21.42.28:734][  0]LogUObjectHash: Compacting FUObjectHashTables data took   1.42ms
[2019.09.01-21.42.29:244][  0]LogAIModule: Creating AISystem for world ThirdPersonExampleMap
[2019.09.01-21.42.29:278][  0]LogEditorServer: Finished looking for orphan Actors (0.000 secs)
[2019.09.01-21.42.29:301][  0]LogUObjectHash: Compacting FUObjectHashTables data took   2.26ms
[2019.09.01-21.42.29:301][  0]Cmd: MAP CHECKDEP NOCLEARLOG
[2019.09.01-21.42.29:301][  0]MapCheck: Map check complete: 0 Error(s), 0 Warning(s), took 0.11ms to complete.
[2019.09.01-21.42.29:302][  0]LogFileHelpers: Loading map 'ThirdPersonExampleMap' took 0.594
[2019.09.01-21.42.29:403][  0]LogSlate: Updating window title bar state: overlay mode, drag disabled, window buttons hidden, title bar hidden
[2019.09.01-21.42.29:412][  0]LogSlate: Updating window title bar state: overlay mode, drag disabled, window buttons hidden, title bar hidden
[2019.09.01-21.42.29:419][  0]LogSlate: Updating window title bar state: overlay mode, drag disabled, window buttons hidden, title bar hidden
[2019.09.01-21.42.29:426][  0]LogSlate: Updating window title bar state: overlay mode, drag disabled, window buttons hidden, title bar hidden
[2019.09.01-21.42.29:474][  0]LogCollectionManager: Loaded 0 collections in 0.000998 seconds
[2019.09.01-21.42.29:489][  0]LogFileCache: Scanning file cache for directory 'D:/Users/Joel/Documents/Unreal Projects/The_Sandbox/Saved/Collections/' took 0.01s
[2019.09.01-21.42.29:489][  0]LogFileCache: Scanning file cache for directory 'D:/Users/Joel/Documents/Unreal Projects/The_Sandbox/Content/Developers/Joel/Collections/' took 0.00s
[2019.09.01-21.42.29:489][  0]LogFileCache: Scanning file cache for directory 'D:/Users/Joel/Documents/Unreal Projects/The_Sandbox/Content/Collections/' took 0.00s
[2019.09.01-21.42.29:489][  0]LogCollectionManager: Rebuilt the GUID cache for 0 collections in 0.000000 seconds
[2019.09.01-21.42.29:496][  0]LogContentBrowser: Native class hierarchy populated in 0.0070 seconds. Added 2732 classes and 659 folders.
[2019.09.01-21.42.29:501][  0]LogContentBrowser: Native class hierarchy updated for 'WidgetCarousel' in 0.0003 seconds. Added 0 classes and 0 folders.
[2019.09.01-21.42.29:506][  0]LogPakFile: Registered encryption key '00000000000000000000000000000000': 0 pak files mounted, 0 remain pending
[2019.09.01-21.42.29:510][  0]LogPakFile: Registered encryption key '00000000000000000000000000000000': 0 pak files mounted, 0 remain pending
[2019.09.01-21.42.29:525][  0]LogPakFile: Registered encryption key '00000000000000000000000000000000': 0 pak files mounted, 0 remain pending
[2019.09.01-21.42.29:529][  0]LogPakFile: Registered encryption key '00000000000000000000000000000000': 0 pak files mounted, 0 remain pending
[2019.09.01-21.42.29:532][  0]LogPakFile: Registered encryption key '00000000000000000000000000000000': 0 pak files mounted, 0 remain pending
[2019.09.01-21.42.29:535][  0]LogPakFile: Registered encryption key '00000000000000000000000000000000': 0 pak files mounted, 0 remain pending
[2019.09.01-21.42.29:539][  0]LogPakFile: Registered encryption key '00000000000000000000000000000000': 0 pak files mounted, 0 remain pending
[2019.09.01-21.42.29:542][  0]LogPakFile: Registered encryption key '00000000000000000000000000000000': 0 pak files mounted, 0 remain pending
[2019.09.01-21.42.29:545][  0]LogPakFile: Registered encryption key '00000000000000000000000000000000': 0 pak files mounted, 0 remain pending
[2019.09.01-21.42.29:548][  0]LogPakFile: Registered encryption key '00000000000000000000000000000000': 0 pak files mounted, 0 remain pending
[2019.09.01-21.42.29:551][  0]LogPakFile: Registered encryption key '00000000000000000000000000000000': 0 pak files mounted, 0 remain pending
[2019.09.01-21.42.29:554][  0]LogPakFile: Registered encryption key '00000000000000000000000000000000': 0 pak files mounted, 0 remain pending
[2019.09.01-21.42.29:557][  0]LogPakFile: Registered encryption key '00000000000000000000000000000000': 0 pak files mounted, 0 remain pending
[2019.09.01-21.42.29:559][  0]LogPakFile: Registered encryption key '00000000000000000000000000000000': 0 pak files mounted, 0 remain pending
[2019.09.01-21.42.29:563][  0]LogPakFile: Registered encryption key '00000000000000000000000000000000': 0 pak files mounted, 0 remain pending
[2019.09.01-21.42.29:565][  0]LogPakFile: Registered encryption key '00000000000000000000000000000000': 0 pak files mounted, 0 remain pending
[2019.09.01-21.42.29:586][  0]LogPakFile: Registered encryption key '00000000000000000000000000000000': 0 pak files mounted, 0 remain pending
[2019.09.01-21.42.29:589][  0]LogPakFile: Registered encryption key '00000000000000000000000000000000': 0 pak files mounted, 0 remain pending
[2019.09.01-21.42.29:593][  0]LogPakFile: Registered encryption key '00000000000000000000000000000000': 0 pak files mounted, 0 remain pending
[2019.09.01-21.42.29:596][  0]LogPakFile: Registered encryption key '00000000000000000000000000000000': 0 pak files mounted, 0 remain pending
[2019.09.01-21.42.29:599][  0]LogPakFile: Registered encryption key '00000000000000000000000000000000': 0 pak files mounted, 0 remain pending
[2019.09.01-21.42.29:602][  0]LogPakFile: Registered encryption key '00000000000000000000000000000000': 0 pak files mounted, 0 remain pending
[2019.09.01-21.42.29:605][  0]LogPakFile: Registered encryption key '00000000000000000000000000000000': 0 pak files mounted, 0 remain pending
[2019.09.01-21.42.29:607][  0]LogPakFile: Registered encryption key '00000000000000000000000000000000': 0 pak files mounted, 0 remain pending
[2019.09.01-21.42.29:611][  0]LogPakFile: Registered encryption key '00000000000000000000000000000000': 0 pak files mounted, 0 remain pending
[2019.09.01-21.42.29:613][  0]LogPakFile: Registered encryption key '00000000000000000000000000000000': 0 pak files mounted, 0 remain pending
[2019.09.01-21.42.29:698][  0]LogContentBrowser: Native class hierarchy updated for 'AddContentDialog' in 0.0002 seconds. Added 0 classes and 0 folders.
[2019.09.01-21.42.29:750][  0]LogContentBrowser: Native class hierarchy updated for 'SceneOutliner' in 0.0002 seconds. Added 1 classes and 2 folders.
[2019.09.01-21.42.29:767][  0]LogSlate: Took 0.003465 seconds to synchronously load lazily loaded font '../../../Engine/Content/Slate/Fonts/Roboto-Regular.ttf' (155K)
[2019.09.01-21.42.29:771][  0]LogSlate: Took 0.003273 seconds to synchronously load lazily loaded font '../../../Engine/Content/Slate/Fonts/Roboto-Bold.ttf' (160K)
[2019.09.01-21.42.29:778][  0]LogSlate: Took 0.003124 seconds to synchronously load lazily loaded font '../../../Engine/Content/Editor/Slate/Fonts/FontAwesome.ttf' (139K)
[2019.09.01-21.42.29:912][  0]LogRenderer: Reallocating scene render targets to support 1208x572 Format 10 NumSamples 1 (Frame:1).
[2019.09.01-21.42.30:127][  0]LogContentBrowser: Native class hierarchy updated for 'HierarchicalLODOutliner' in 0.0004 seconds. Added 0 classes and 0 folders.
[2019.09.01-21.42.30:127][  0]LogLoad: (Engine Initialization) Total time: 24.25 seconds
[2019.09.01-21.42.30:127][  0]LogLoad: (Engine Initialization) Total Blueprint compile time: 0.00 seconds
[2019.09.01-21.42.30:172][  0]LogAssetRegistry: Asset discovery search completed in 14.1768 seconds
[2019.09.01-21.42.30:174][  0]LogCollectionManager: Rebuilt the object cache for 0 collections in 0.000000 seconds (found 0 objects)
[2019.09.01-21.42.30:174][  0]LogCollectionManager: Fixed up redirectors for 0 collections in 0.000038 seconds (updated 0 objects)
[2019.09.01-21.42.30:175][  0]LogContentStreaming: Texture pool size now 1000 MB
[2019.09.01-21.42.30:196][  0]LogSlate: Took 0.002993 seconds to synchronously load lazily loaded font '../../../Engine/Content/Slate/Fonts/Roboto-Light.ttf' (167K)
[2019.09.01-21.46.30:499][721]LogSlate: FSceneViewport::OnFocusLost() reason 0
[2019.09.01-21.46.30:692][721]LogSlate: Took 0.000156 seconds to synchronously load lazily loaded font '../../../Engine/Content/Slate/Fonts/Roboto-Light.ttf' (167K)
[2019.09.01-21.46.30:699][721]LogAssetEditorManager: Opening Asset editor for Blueprint /Game/WebSwing/BP_WebSwing.BP_WebSwing
[2019.09.01-21.46.30:962][721]LogContentBrowser: Native class hierarchy updated for 'BlueprintGraph' in 0.0006 seconds. Added 121 classes and 0 folders.
[2019.09.01-21.46.31:812][721]LogSlate: Took 0.004749 seconds to synchronously load lazily loaded font '../../../Engine/Content/Slate/Fonts/Roboto-BoldCondensed.ttf' (158K)
[2019.09.01-21.46.31:919][722]LogSlate: Took 0.004422 seconds to synchronously load lazily loaded font '../../../Engine/Content/Slate/Fonts/Roboto-Italic.ttf' (157K)
[2019.09.01-21.49.25:480][919]LogBlueprintActionDatabase: Requesting refresh due to module change: ExternalImagePicker (loaded)
[2019.09.01-21.49.26:704][919]LogSlate: Only BGRA pngs, bmps or icos are supported in by External Image Picker
[2019.09.01-21.49.57:762][558]LogSlate: Window 'Project Settings' being destroyed
[2019.09.01-21.49.57:765][558]LogSlate: Window 'Project Settings' being destroyed
[2019.09.01-21.52.30:325][833]LogUObjectHash: Compacting FUObjectHashTables data took   5.85ms
[2019.09.01-21.52.30:325][833]LogFileHelpers: Editor autosave (incl. sublevels) for '/Game/ThirdPersonBP/Maps/ThirdPersonExampleMap' took 0.051
[2019.09.01-21.52.30:326][833]OBJ SavePackage: Generating thumbnails for [1] asset(s) in package [/Game/WebSwing/BP_WebSwing] ([1] browsable assets)...
[2019.09.01-21.52.30:337][833]OBJ SavePackage:     Rendered thumbnail for [Blueprint /Game/WebSwing/BP_WebSwing.BP_WebSwing]
[2019.09.01-21.52.30:337][833]OBJ SavePackage: Finished generating thumbnails for package [/Game/WebSwing/BP_WebSwing]
[2019.09.01-21.52.30:385][833]LogSavePackage: Moving '../../../../../../Users/Joel/Documents/Unreal Projects/The_Sandbox/Saved/BP_WebSwing_Auto192CAAFFB44CE680BCBDD749B9A690C49.tmp' to '../../../../../../Users/Joel/Documents/Unreal Projects/The_Sandbox/Saved/Autosaves/Game/WebSwing/BP_WebSwing_Auto1.uasset'
[2019.09.01-21.52.30:386][833]LogFileHelpers: Auto-saving content packages took 0.060
[2019.09.01-22.06.51:769][724]LogSlate: Took 0.022627 seconds to synchronously load lazily loaded font '../../../Engine/Content/Slate/Fonts/Roboto-BoldCondensedItalic.ttf' (160K)
[2019.09.01-22.07.59:115][821]LogUObjectHash: Compacting FUObjectHashTables data took   4.61ms
[2019.09.01-22.07.59:115][821]LogFileHelpers: Editor autosave (incl. sublevels) for '/Game/ThirdPersonBP/Maps/ThirdPersonExampleMap' took 0.039
[2019.09.01-22.07.59:116][821]OBJ SavePackage: Generating thumbnails for [1] asset(s) in package [/Game/WebSwing/BP_WebSwing] ([1] browsable assets)...
[2019.09.01-22.07.59:128][821]OBJ SavePackage:     Rendered thumbnail for [Blueprint /Game/WebSwing/BP_WebSwing.BP_WebSwing]
[2019.09.01-22.07.59:128][821]OBJ SavePackage: Finished generating thumbnails for package [/Game/WebSwing/BP_WebSwing]
[2019.09.01-22.07.59:177][821]LogSavePackage: Moving '../../../../../../Users/Joel/Documents/Unreal Projects/The_Sandbox/Saved/BP_WebSwing_Auto22024B44E48D2960F5D310583241113E6.tmp' to '../../../../../../Users/Joel/Documents/Unreal Projects/The_Sandbox/Saved/Autosaves/Game/WebSwing/BP_WebSwing_Auto2.uasset'
[2019.09.01-22.07.59:177][821]LogFileHelpers: Auto-saving content packages took 0.061
[2019.09.01-22.17.59:732][ 61]LogUObjectHash: Compacting FUObjectHashTables data took   1.84ms
[2019.09.01-22.17.59:732][ 61]LogFileHelpers: Editor autosave (incl. sublevels) for '/Game/ThirdPersonBP/Maps/ThirdPersonExampleMap' took 0.031
[2019.09.01-22.17.59:734][ 61]OBJ SavePackage: Generating thumbnails for [1] asset(s) in package [/Game/WebSwing/BP_WebSwing] ([1] browsable assets)...
[2019.09.01-22.17.59:763][ 61]OBJ SavePackage:     Rendered thumbnail for [Blueprint /Game/WebSwing/BP_WebSwing.BP_WebSwing]
[2019.09.01-22.17.59:763][ 61]OBJ SavePackage: Finished generating thumbnails for package [/Game/WebSwing/BP_WebSwing]
[2019.09.01-22.17.59:813][ 61]LogSavePackage: Moving '../../../../../../Users/Joel/Documents/Unreal Projects/The_Sandbox/Saved/BP_WebSwing_Auto3E4920CBB4760BDE136119BA5423CD9B2.tmp' to '../../../../../../Users/Joel/Documents/Unreal Projects/The_Sandbox/Saved/Autosaves/Game/WebSwing/BP_WebSwing_Auto3.uasset'
[2019.09.01-22.17.59:814][ 61]LogFileHelpers: Auto-saving content packages took 0.081
[2019.09.01-23.20.05:048][750]LogUObjectHash: Compacting FUObjectHashTables data took   5.38ms
[2019.09.01-23.20.05:049][750]LogFileHelpers: Editor autosave (incl. sublevels) for '/Game/ThirdPersonBP/Maps/ThirdPersonExampleMap' took 0.041
[2019.09.01-23.20.05:050][750]OBJ SavePackage: Generating thumbnails for [1] asset(s) in package [/Game/WebSwing/BP_WebSwing] ([1] browsable assets)...
[2019.09.01-23.20.05:061][750]OBJ SavePackage:     Rendered thumbnail for [Blueprint /Game/WebSwing/BP_WebSwing.BP_WebSwing]
[2019.09.01-23.20.05:061][750]OBJ SavePackage: Finished generating thumbnails for package [/Game/WebSwing/BP_WebSwing]
[2019.09.01-23.20.05:119][750]LogSavePackage: Moving '../../../../../../Users/Joel/Documents/Unreal Projects/The_Sandbox/Saved/BP_WebSwing_Auto40294332246EF9ACFA3AA52AF11EA34EF.tmp' to '../../../../../../Users/Joel/Documents/Unreal Projects/The_Sandbox/Saved/Autosaves/Game/WebSwing/BP_WebSwing_Auto4.uasset'
[2019.09.01-23.20.11:119][750]LogFileHelpers: Auto-saving content packages took 6.070
[2019.09.01-23.21.00:940][772]LogEditorTransaction: Undo Create Pin Link
[2019.09.01-23.21.01:259][806]LogEditorTransaction: Undo Create Pin Link
[2019.09.01-23.21.01:598][844]LogEditorTransaction: Undo Create Pin Link
[2019.09.01-23.21.02:040][897]LogEditorTransaction: Undo Break Pin Links
[2019.09.01-23.21.02:610][962]LogEditorTransaction: Undo Add In Parameter
[2019.09.01-23.29.55:723][932]LogEditorTransaction: Undo Move Node
[2019.09.01-23.29.55:947][955]LogEditorTransaction: Undo Move Node
[2019.09.01-23.29.56:237][982]LogEditorTransaction: Undo Move Node
[2019.09.01-23.29.56:569][ 19]LogEditorTransaction: Undo Move Node
[2019.09.01-23.29.56:894][ 55]LogEditorTransaction: Undo Add In Parameter
[2019.09.01-23.31.05:704][440]LogUObjectHash: Compacting FUObjectHashTables data took   4.67ms
[2019.09.01-23.31.05:704][440]LogFileHelpers: Editor autosave (incl. sublevels) for '/Game/ThirdPersonBP/Maps/ThirdPersonExampleMap' took 0.041
[2019.09.01-23.31.05:705][440]OBJ SavePackage: Generating thumbnails for [1] asset(s) in package [/Game/WebSwing/BP_WebSwing] ([1] browsable assets)...
[2019.09.01-23.31.05:734][440]OBJ SavePackage:     Rendered thumbnail for [Blueprint /Game/WebSwing/BP_WebSwing.BP_WebSwing]
[2019.09.01-23.31.05:734][440]OBJ SavePackage: Finished generating thumbnails for package [/Game/WebSwing/BP_WebSwing]
[2019.09.01-23.31.05:790][440]LogSavePackage: Moving '../../../../../../Users/Joel/Documents/Unreal Projects/The_Sandbox/Saved/BP_WebSwing_Auto51A35E3AC4326B81BF96C0BB191C35143.tmp' to '../../../../../../Users/Joel/Documents/Unreal Projects/The_Sandbox/Saved/Autosaves/Game/WebSwing/BP_WebSwing_Auto5.uasset'
[2019.09.01-23.31.05:791][440]LogFileHelpers: Auto-saving content packages took 0.086
[2019.09.01-23.42.17:380][696]LogTemp: Repeating last play command: Selected Viewport
[2019.09.01-23.42.17:396][696]LogBlueprintUserMessages: Early PlayInEditor Detection: Level '/Game/ThirdPersonBP/Maps/ThirdPersonExampleMap.ThirdPersonExampleMap:PersistentLevel' has LevelScriptBlueprint '/Game/ThirdPersonBP/Maps/ThirdPersonExampleMap.ThirdPersonExampleMap:PersistentLevel.ThirdPersonExampleMap' with GeneratedClass '/Game/ThirdPersonBP/Maps/ThirdPersonExampleMap.ThirdPersonExampleMap_C' with ClassGeneratedBy '/Game/ThirdPersonBP/Maps/ThirdPersonExampleMap.ThirdPersonExampleMap:PersistentLevel.ThirdPersonExampleMap'
[2019.09.01-23.42.17:397][696]BlueprintLog: New page: Pre-Play auto-recompile
[2019.09.01-23.42.17:398][696]LogPlayLevel: [PlayLevel] Compiling BP_WebSwing before play...
[2019.09.01-23.42.17:656][696]LogUObjectHash: Compacting FUObjectHashTables data took   3.81ms
[2019.09.01-23.42.17:657][696]LogPlayLevel: PlayLevel: Blueprint regeneration took 259 ms (1 blueprints)
[2019.09.01-23.42.17:658][696]PIE: New page: PIE session: ThirdPersonExampleMap (Sep 1, 2019, 3:42:17 PM)
[2019.09.01-23.42.17:672][696]LogPlayLevel: Creating play world package: /Game/ThirdPersonBP/Maps/UEDPIE_0_ThirdPersonExampleMap
[2019.09.01-23.42.17:691][696]LogPlayLevel: PIE: StaticDuplicateObject took: (0.018195s)
[2019.09.01-23.42.17:692][696]LogAIModule: Creating AISystem for world ThirdPersonExampleMap
[2019.09.01-23.42.17:692][696]LogPlayLevel: PIE: World Init took: (0.001575s)
[2019.09.01-23.42.17:692][696]LogPlayLevel: PIE: Created PIE world by copying editor world from /Game/ThirdPersonBP/Maps/ThirdPersonExampleMap.ThirdPersonExampleMap to /Game/ThirdPersonBP/Maps/UEDPIE_0_ThirdPersonExampleMap.ThirdPersonExampleMap (0.020604s)
[2019.09.01-23.42.17:725][696]LogUObjectHash: Compacting FUObjectHashTables data took   1.96ms
[2019.09.01-23.42.17:769][696]LogInit: XAudio2 using 'Speakers (Logitech G933 Gaming Headset)' : 6 channels at 48 kHz using 16 bits per sample (channel mask 0x3f)
[2019.09.01-23.42.17:786][696]LogInit: FAudioDevice initialized.
[2019.09.01-23.42.17:845][696]LogLoad: Game class is 'ThirdPersonGameMode_C'
[2019.09.01-23.42.17:850][696]LogWorld: Bringing World /Game/ThirdPersonBP/Maps/UEDPIE_0_ThirdPersonExampleMap.ThirdPersonExampleMap up for play (max tick rate 0) at 2019.09.01-19.42.17
[2019.09.01-23.42.17:851][696]LogWorld: Bringing up level for play took: 0.002832
[2019.09.01-23.42.17:868][696]LogBlueprintActionDatabase: Requesting refresh due to module change: Voice (loaded)
[2019.09.01-23.42.17:872][696]LogBlueprintActionDatabase: Requesting refresh due to module change: MovieSceneCapture (loaded)
[2019.09.01-23.42.17:874][696]LogContentBrowser: Native class hierarchy updated for 'MovieSceneCapture' in 0.0015 seconds. Added 20 classes and 0 folders.
[2019.09.01-23.42.17:875][696]PIE: Play in editor start time for /Game/ThirdPersonBP/Maps/UEDPIE_0_ThirdPersonExampleMap 0.792
[2019.09.01-23.42.17:875][696]LogBlueprintUserMessages: Late PlayInEditor Detection: Level '/Game/ThirdPersonBP/Maps/ThirdPersonExampleMap.ThirdPersonExampleMap:PersistentLevel' has LevelScriptBlueprint '/Game/ThirdPersonBP/Maps/ThirdPersonExampleMap.ThirdPersonExampleMap:PersistentLevel.ThirdPersonExampleMap' with GeneratedClass '/Game/ThirdPersonBP/Maps/ThirdPersonExampleMap.ThirdPersonExampleMap_C' with ClassGeneratedBy '/Game/ThirdPersonBP/Maps/ThirdPersonExampleMap.ThirdPersonExampleMap:PersistentLevel.ThirdPersonExampleMap'
[2019.09.01-23.42.21:349][ 34]LogBlueprintUserMessages: Early EndPlayMap Detection: Level '/Game/ThirdPersonBP/Maps/ThirdPersonExampleMap.ThirdPersonExampleMap:PersistentLevel' has LevelScriptBlueprint '/Game/ThirdPersonBP/Maps/ThirdPersonExampleMap.ThirdPersonExampleMap:PersistentLevel.ThirdPersonExampleMap' with GeneratedClass '/Game/ThirdPersonBP/Maps/ThirdPersonExampleMap.ThirdPersonExampleMap_C' with ClassGeneratedBy '/Game/ThirdPersonBP/Maps/ThirdPersonExampleMap.ThirdPersonExampleMap:PersistentLevel.ThirdPersonExampleMap'
[2019.09.01-23.42.21:349][ 34]LogSlate: Updating window title bar state: overlay mode, drag disabled, window buttons hidden, title bar hidden
[2019.09.01-23.42.21:376][ 34]LogPlayLevel: Display: Shutting down PIE online subsystems
[2019.09.01-23.42.21:376][ 34]LogBlueprintUserMessages: Late EndPlayMap Detection: Level '/Game/ThirdPersonBP/Maps/ThirdPersonExampleMap.ThirdPersonExampleMap:PersistentLevel' has LevelScriptBlueprint '/Game/ThirdPersonBP/Maps/ThirdPersonExampleMap.ThirdPersonExampleMap:PersistentLevel.ThirdPersonExampleMap' with GeneratedClass '/Game/ThirdPersonBP/Maps/ThirdPersonExampleMap.ThirdPersonExampleMap_C' with ClassGeneratedBy '/Game/ThirdPersonBP/Maps/ThirdPersonExampleMap.ThirdPersonExampleMap:PersistentLevel.ThirdPersonExampleMap'
[2019.09.01-23.42.21:409][ 34]LogSlate: Updating window title bar state: overlay mode, drag disabled, window buttons hidden, title bar hidden
[2019.09.01-23.42.21:500][ 34]LogUObjectHash: Compacting FUObjectHashTables data took   5.11ms
[2019.09.01-23.42.21:525][ 35]LogPlayLevel: Display: Destroying online subsystem :Context_5
[2019.09.01-23.42.23:062][197]Cmd: OBJ SAVEPACKAGE PACKAGE="/Game/WebSwing/BP_WebSwing" FILE="../../../../../../Users/Joel/Documents/Unreal Projects/The_Sandbox/Content/WebSwing/BP_WebSwing.uasset" SILENT=true
[2019.09.01-23.42.23:124][197]LogSavePackage: Moving '../../../../../../Users/Joel/Documents/Unreal Projects/The_Sandbox/Saved/BP_WebSwing988688444AE64393576C7DB8898EE61A.tmp' to '../../../../../../Users/Joel/Documents/Unreal Projects/The_Sandbox/Content/WebSwing/BP_WebSwing.uasset'
[2019.09.01-23.42.23:565][241]BlueprintLog: New page: Compile BP_WebSwing
[2019.09.01-23.42.23:794][241]LogUObjectHash: Compacting FUObjectHashTables data took   4.79ms
[2019.09.01-23.42.24:326][267]Cmd: OBJ SAVEPACKAGE PACKAGE="/Game/WebSwing/BP_WebSwing" FILE="../../../../../../Users/Joel/Documents/Unreal Projects/The_Sandbox/Content/WebSwing/BP_WebSwing.uasset" SILENT=true
[2019.09.01-23.42.24:385][267]LogSavePackage: Moving '../../../../../../Users/Joel/Documents/Unreal Projects/The_Sandbox/Saved/BP_WebSwing9B0043CC4F14CD3FEB730F9C12E355A6.tmp' to '../../../../../../Users/Joel/Documents/Unreal Projects/The_Sandbox/Content/WebSwing/BP_WebSwing.uasset'
[2019.09.01-23.42.34:225][163]LogEditorViewport: Clicking on Actor (LMB): StaticMeshActor (Wall7)
[2019.09.01-23.42.37:629][564]LogSlate: FSceneViewport::OnFocusLost() reason 0
[2019.09.01-23.42.37:745][578]LogTemp: Repeating last play command: Selected Viewport
[2019.09.01-23.42.37:760][578]LogBlueprintUserMessages: Early PlayInEditor Detection: Level '/Game/ThirdPersonBP/Maps/ThirdPersonExampleMap.ThirdPersonExampleMap:PersistentLevel' has LevelScriptBlueprint '/Game/ThirdPersonBP/Maps/ThirdPersonExampleMap.ThirdPersonExampleMap:PersistentLevel.ThirdPersonExampleMap' with GeneratedClass '/Game/ThirdPersonBP/Maps/ThirdPersonExampleMap.ThirdPersonExampleMap_C' with ClassGeneratedBy '/Game/ThirdPersonBP/Maps/ThirdPersonExampleMap.ThirdPersonExampleMap:PersistentLevel.ThirdPersonExampleMap'
[2019.09.01-23.42.37:760][578]LogPlayLevel: PlayLevel: No blueprints needed recompiling
[2019.09.01-23.42.37:760][578]PIE: New page: PIE session: ThirdPersonExampleMap (Sep 1, 2019, 3:42:37 PM)
[2019.09.01-23.42.37:760][578]LogPlayLevel: Creating play world package: /Game/ThirdPersonBP/Maps/UEDPIE_0_ThirdPersonExampleMap
[2019.09.01-23.42.37:775][578]LogPlayLevel: PIE: StaticDuplicateObject took: (0.014619s)
[2019.09.01-23.42.37:775][578]LogAIModule: Creating AISystem for world ThirdPersonExampleMap
[2019.09.01-23.42.37:776][578]LogPlayLevel: PIE: World Init took: (0.000653s)
[2019.09.01-23.42.37:776][578]LogPlayLevel: PIE: Created PIE world by copying editor world from /Game/ThirdPersonBP/Maps/ThirdPersonExampleMap.ThirdPersonExampleMap to /Game/ThirdPersonBP/Maps/UEDPIE_0_ThirdPersonExampleMap.ThirdPersonExampleMap (0.015472s)
[2019.09.01-23.42.37:810][578]LogUObjectHash: Compacting FUObjectHashTables data took   3.09ms
[2019.09.01-23.42.37:852][578]LogInit: XAudio2 using 'Speakers (Logitech G933 Gaming Headset)' : 6 channels at 48 kHz using 16 bits per sample (channel mask 0x3f)
[2019.09.01-23.42.37:867][578]LogInit: FAudioDevice initialized.
[2019.09.01-23.42.37:907][578]LogLoad: Game class is 'ThirdPersonGameMode_C'
[2019.09.01-23.42.37:908][578]LogWorld: Bringing World /Game/ThirdPersonBP/Maps/UEDPIE_0_ThirdPersonExampleMap.ThirdPersonExampleMap up for play (max tick rate 0) at 2019.09.01-19.42.37
[2019.09.01-23.42.37:908][578]LogWorld: Bringing up level for play took: 0.001227
[2019.09.01-23.42.37:920][578]PIE: Play in editor start time for /Game/ThirdPersonBP/Maps/UEDPIE_0_ThirdPersonExampleMap 0.838
[2019.09.01-23.42.37:920][578]LogBlueprintUserMessages: Late PlayInEditor Detection: Level '/Game/ThirdPersonBP/Maps/ThirdPersonExampleMap.ThirdPersonExampleMap:PersistentLevel' has LevelScriptBlueprint '/Game/ThirdPersonBP/Maps/ThirdPersonExampleMap.ThirdPersonExampleMap:PersistentLevel.ThirdPersonExampleMap' with GeneratedClass '/Game/ThirdPersonBP/Maps/ThirdPersonExampleMap.ThirdPersonExampleMap_C' with ClassGeneratedBy '/Game/ThirdPersonBP/Maps/ThirdPersonExampleMap.ThirdPersonExampleMap:PersistentLevel.ThirdPersonExampleMap'
[2019.09.01-23.42.42:965][181]LogBlueprintUserMessages: Early EndPlayMap Detection: Level '/Game/ThirdPersonBP/Maps/ThirdPersonExampleMap.ThirdPersonExampleMap:PersistentLevel' has LevelScriptBlueprint '/Game/ThirdPersonBP/Maps/ThirdPersonExampleMap.ThirdPersonExampleMap:PersistentLevel.ThirdPersonExampleMap' with GeneratedClass '/Game/ThirdPersonBP/Maps/ThirdPersonExampleMap.ThirdPersonExampleMap_C' with ClassGeneratedBy '/Game/ThirdPersonBP/Maps/ThirdPersonExampleMap.ThirdPersonExampleMap:PersistentLevel.ThirdPersonExampleMap'
[2019.09.01-23.42.42:965][181]LogSlate: Updating window title bar state: overlay mode, drag disabled, window buttons hidden, title bar hidden
[2019.09.01-23.42.42:993][181]LogPlayLevel: Display: Shutting down PIE online subsystems
[2019.09.01-23.42.42:993][181]LogBlueprintUserMessages: Late EndPlayMap Detection: Level '/Game/ThirdPersonBP/Maps/ThirdPersonExampleMap.ThirdPersonExampleMap:PersistentLevel' has LevelScriptBlueprint '/Game/ThirdPersonBP/Maps/ThirdPersonExampleMap.ThirdPersonExampleMap:PersistentLevel.ThirdPersonExampleMap' with GeneratedClass '/Game/ThirdPersonBP/Maps/ThirdPersonExampleMap.ThirdPersonExampleMap_C' with ClassGeneratedBy '/Game/ThirdPersonBP/Maps/ThirdPersonExampleMap.ThirdPersonExampleMap:PersistentLevel.ThirdPersonExampleMap'
[2019.09.01-23.42.43:030][181]LogSlate: Updating window title bar state: overlay mode, drag disabled, window buttons hidden, title bar hidden
[2019.09.01-23.42.43:035][181]LogUObjectHash: Compacting FUObjectHashTables data took   2.36ms
[2019.09.01-23.42.43:078][184]LogPlayLevel: Display: Destroying online subsystem :Context_7
[2019.09.01-23.42.54:386][536]LogSlate: FSceneViewport::OnFocusLost() reason 0
[2019.09.01-23.43.34:164][763]LogAIModule: Creating AISystem for world HighriseMap
[2019.09.01-23.43.39:827][435]LogAssetEditorManager: Opening Asset editor for World /Game/ThirdPersonBP/Maps/HighriseMap.HighriseMap
[2019.09.01-23.43.39:857][435]LogUObjectHash: Compacting FUObjectHashTables data took   1.65ms
[2019.09.01-23.43.39:866][435]Cmd: MAP LOAD FILE="../../../../../../Users/Joel/Documents/Unreal Projects/The_Sandbox/Content/ThirdPersonBP/Maps/HighriseMap.umap" TEMPLATE=0 SHOWPROGRESS=1 FEATURELEVEL=3
[2019.09.01-23.43.39:866][435]LightingResults: New page: Lighting Build
[2019.09.01-23.43.39:882][435]LoadErrors: New page: Loading map: HighriseMap.umap
[2019.09.01-23.43.39:884][435]MapCheck: New page: Map Check
[2019.09.01-23.43.39:884][435]LightingResults: New page: Lighting Build
[2019.09.01-23.43.39:925][435]LogUObjectHash: Compacting FUObjectHashTables data took   4.37ms
[2019.09.01-23.43.39:932][435]LogEditorServer: Finished looking for orphan Actors (0.000 secs)
[2019.09.01-23.43.39:962][435]LogUObjectHash: Compacting FUObjectHashTables data took   1.74ms
[2019.09.01-23.43.39:985][435]Cmd: MAP CHECKDEP NOCLEARLOG
[2019.09.01-23.43.39:985][435]MapCheck: Map check complete: 0 Error(s), 0 Warning(s), took 0.073ms to complete.
[2019.09.01-23.43.39:986][435]LogFileHelpers: Loading map 'HighriseMap' took 0.129
[2019.09.01-23.43.41:951][666]LogTemp: Repeating last play command: Selected Viewport
[2019.09.01-23.43.41:965][666]LogBlueprintUserMessages: Early PlayInEditor Detection: Level '/Game/ThirdPersonBP/Maps/HighriseMap.HighriseMap:PersistentLevel' has LevelScriptBlueprint '/Game/ThirdPersonBP/Maps/HighriseMap.HighriseMap:PersistentLevel.HighriseMap' with GeneratedClass '/Game/ThirdPersonBP/Maps/HighriseMap.HighriseMap_C' with ClassGeneratedBy '/Game/ThirdPersonBP/Maps/HighriseMap.HighriseMap:PersistentLevel.HighriseMap'
[2019.09.01-23.43.41:965][666]LogPlayLevel: PlayLevel: No blueprints needed recompiling
[2019.09.01-23.43.41:965][666]PIE: New page: PIE session: HighriseMap (Sep 1, 2019, 3:43:41 PM)
[2019.09.01-23.43.41:965][666]LogPlayLevel: Creating play world package: /Game/ThirdPersonBP/Maps/UEDPIE_0_HighriseMap
[2019.09.01-23.43.41:969][666]LogPlayLevel: PIE: StaticDuplicateObject took: (0.004106s)
[2019.09.01-23.43.41:970][666]LogAIModule: Creating AISystem for world HighriseMap
[2019.09.01-23.43.41:970][666]LogPlayLevel: PIE: World Init took: (0.000799s)
[2019.09.01-23.43.41:970][666]LogPlayLevel: PIE: Created PIE world by copying editor world from /Game/ThirdPersonBP/Maps/HighriseMap.HighriseMap to /Game/ThirdPersonBP/Maps/UEDPIE_0_HighriseMap.HighriseMap (0.005098s)
[2019.09.01-23.43.41:996][666]LogUObjectHash: Compacting FUObjectHashTables data took   1.74ms
[2019.09.01-23.43.42:037][666]LogInit: XAudio2 using 'Speakers (Logitech G933 Gaming Headset)' : 6 channels at 48 kHz using 16 bits per sample (channel mask 0x3f)
[2019.09.01-23.43.42:052][666]LogInit: FAudioDevice initialized.
[2019.09.01-23.43.42:080][666]LogLoad: Game class is 'ThirdPersonGameMode_C'
[2019.09.01-23.43.42:082][666]LogWorld: Bringing World /Game/ThirdPersonBP/Maps/UEDPIE_0_HighriseMap.HighriseMap up for play (max tick rate 0) at 2019.09.01-19.43.42
[2019.09.01-23.43.42:082][666]LogWorld: Bringing up level for play took: 0.001400
[2019.09.01-23.43.42:096][666]PIE: Play in editor start time for /Game/ThirdPersonBP/Maps/UEDPIE_0_HighriseMap 1.013
[2019.09.01-23.43.42:096][666]LogBlueprintUserMessages: Late PlayInEditor Detection: Level '/Game/ThirdPersonBP/Maps/HighriseMap.HighriseMap:PersistentLevel' has LevelScriptBlueprint '/Game/ThirdPersonBP/Maps/HighriseMap.HighriseMap:PersistentLevel.HighriseMap' with GeneratedClass '/Game/ThirdPersonBP/Maps/HighriseMap.HighriseMap_C' with ClassGeneratedBy '/Game/ThirdPersonBP/Maps/HighriseMap.HighriseMap:PersistentLevel.HighriseMap'
[2019.09.01-23.43.49:963][608]LogBlueprintUserMessages: Early EndPlayMap Detection: Level '/Game/ThirdPersonBP/Maps/HighriseMap.HighriseMap:PersistentLevel' has LevelScriptBlueprint '/Game/ThirdPersonBP/Maps/HighriseMap.HighriseMap:PersistentLevel.HighriseMap' with GeneratedClass '/Game/ThirdPersonBP/Maps/HighriseMap.HighriseMap_C' with ClassGeneratedBy '/Game/ThirdPersonBP/Maps/HighriseMap.HighriseMap:PersistentLevel.HighriseMap'
[2019.09.01-23.43.49:963][608]LogSlate: Updating window title bar state: overlay mode, drag disabled, window buttons hidden, title bar hidden
[2019.09.01-23.43.49:991][608]LogPlayLevel: Display: Shutting down PIE online subsystems
[2019.09.01-23.43.49:991][608]LogBlueprintUserMessages: Late EndPlayMap Detection: Level '/Game/ThirdPersonBP/Maps/HighriseMap.HighriseMap:PersistentLevel' has LevelScriptBlueprint '/Game/ThirdPersonBP/Maps/HighriseMap.HighriseMap:PersistentLevel.HighriseMap' with GeneratedClass '/Game/ThirdPersonBP/Maps/HighriseMap.HighriseMap_C' with ClassGeneratedBy '/Game/ThirdPersonBP/Maps/HighriseMap.HighriseMap:PersistentLevel.HighriseMap'
[2019.09.01-23.43.50:026][608]LogSlate: Updating window title bar state: overlay mode, drag disabled, window buttons hidden, title bar hidden
[2019.09.01-23.43.50:030][608]LogUObjectHash: Compacting FUObjectHashTables data took   2.14ms
[2019.09.01-23.43.50:064][611]LogPlayLevel: Display: Destroying online subsystem :Context_8
[2019.09.01-23.43.52:655][906]LogEditorViewport: Clicking on Actor (LMB): PlayerStart (PlayerStart)
[2019.09.01-23.44.10:445][ 34]LogSlate: FSceneViewport::OnFocusLost() reason 0
[2019.09.01-23.44.33:656][809]LogSlate: Window 'Select Path' being destroyed
[2019.09.01-23.44.41:531][745]LogEditorViewport: Clicking on Actor (LMB): StaticMeshActor (1M_Cube10)
[2019.09.01-23.44.48:780][607]LogEditorViewport: Clicking on Actor (LMB): PlayerStart (PlayerStart)
[2019.09.01-23.45.16:879][959]LogSlate: FSceneViewport::OnFocusLost() reason 0
[2019.09.01-23.45.22:462][594]LogEditorViewport: Clicking on Actor (LMB): PlayerStart (PlayerStart)
[2019.09.01-23.45.23:544][717]LogEditorViewport: Clicking on Actor (LMB): BP_WebSwing_C (BP_WebSwing)
[2019.09.01-23.45.25:048][886]LogEditorViewport: Clicking on Actor (LMB): PlayerStart (PlayerStart)
[2019.09.01-23.45.26:106][  6]Cmd: DELETE
[2019.09.01-23.45.26:106][  6]Cmd: ACTOR DELETE
[2019.09.01-23.45.26:109][  6]LogEditorActor: Deleted Actor: PlayerStart
[2019.09.01-23.45.26:142][  6]LogUObjectHash: Compacting FUObjectHashTables data took   2.34ms
[2019.09.01-23.45.26:142][  6]LogEditorActor: Deleted 1 Actors (0.035 secs)
[2019.09.01-23.45.27:541][174]LogSlate: FSceneViewport::OnFocusLost() reason 0
[2019.09.01-23.45.28:124][244]LogTemp: Repeating last play command: Selected Viewport
[2019.09.01-23.45.28:149][244]LogBlueprintUserMessages: Early PlayInEditor Detection: Level '/Game/ThirdPersonBP/Maps/HighriseMap.HighriseMap:PersistentLevel' has LevelScriptBlueprint '/Game/ThirdPersonBP/Maps/HighriseMap.HighriseMap:PersistentLevel.HighriseMap' with GeneratedClass '/Game/ThirdPersonBP/Maps/HighriseMap.HighriseMap_C' with ClassGeneratedBy '/Game/ThirdPersonBP/Maps/HighriseMap.HighriseMap:PersistentLevel.HighriseMap'
[2019.09.01-23.45.28:149][244]LogPlayLevel: PlayLevel: No blueprints needed recompiling
[2019.09.01-23.45.28:149][244]PIE: New page: PIE session: HighriseMap (Sep 1, 2019, 3:45:28 PM)
[2019.09.01-23.45.28:149][244]LogPlayLevel: Creating play world package: /Game/ThirdPersonBP/Maps/UEDPIE_0_HighriseMap
[2019.09.01-23.45.28:154][244]LogPlayLevel: PIE: StaticDuplicateObject took: (0.004166s)
[2019.09.01-23.45.28:154][244]LogAIModule: Creating AISystem for world HighriseMap
[2019.09.01-23.45.28:154][244]LogPlayLevel: PIE: World Init took: (0.000457s)
[2019.09.01-23.45.28:154][244]LogPlayLevel: PIE: Created PIE world by copying editor world from /Game/ThirdPersonBP/Maps/HighriseMap.HighriseMap to /Game/ThirdPersonBP/Maps/UEDPIE_0_HighriseMap.HighriseMap (0.004724s)
[2019.09.01-23.45.28:181][244]LogUObjectHash: Compacting FUObjectHashTables data took   1.92ms
[2019.09.01-23.45.28:223][244]LogInit: XAudio2 using 'Speakers (Logitech G933 Gaming Headset)' : 6 channels at 48 kHz using 16 bits per sample (channel mask 0x3f)
[2019.09.01-23.45.28:237][244]LogInit: FAudioDevice initialized.
[2019.09.01-23.45.28:265][244]LogLoad: Game class is 'ThirdPersonGameMode_C'
[2019.09.01-23.45.28:267][244]LogWorld: Bringing World /Game/ThirdPersonBP/Maps/UEDPIE_0_HighriseMap.HighriseMap up for play (max tick rate 0) at 2019.09.01-19.45.28
[2019.09.01-23.45.28:326][244]LogWorld: Bringing up level for play took: 0.060996
[2019.09.01-23.45.28:339][244]PIE: Play in editor start time for /Game/ThirdPersonBP/Maps/UEDPIE_0_HighriseMap -0.743
[2019.09.01-23.45.28:339][244]LogBlueprintUserMessages: Late PlayInEditor Detection: Level '/Game/ThirdPersonBP/Maps/HighriseMap.HighriseMap:PersistentLevel' has LevelScriptBlueprint '/Game/ThirdPersonBP/Maps/HighriseMap.HighriseMap:PersistentLevel.HighriseMap' with GeneratedClass '/Game/ThirdPersonBP/Maps/HighriseMap.HighriseMap_C' with ClassGeneratedBy '/Game/ThirdPersonBP/Maps/HighriseMap.HighriseMap:PersistentLevel.HighriseMap'
[2019.09.01-23.45.35:527][ 98]LogBlueprintUserMessages: Early EndPlayMap Detection: Level '/Game/ThirdPersonBP/Maps/HighriseMap.HighriseMap:PersistentLevel' has LevelScriptBlueprint '/Game/ThirdPersonBP/Maps/HighriseMap.HighriseMap:PersistentLevel.HighriseMap' with GeneratedClass '/Game/ThirdPersonBP/Maps/HighriseMap.HighriseMap_C' with ClassGeneratedBy '/Game/ThirdPersonBP/Maps/HighriseMap.HighriseMap:PersistentLevel.HighriseMap'
[2019.09.01-23.45.35:528][ 98]LogSlate: Updating window title bar state: overlay mode, drag disabled, window buttons hidden, title bar hidden
[2019.09.01-23.45.35:562][ 98]LogPlayLevel: Display: Shutting down PIE online subsystems
[2019.09.01-23.45.35:562][ 98]LogBlueprintUserMessages: Late EndPlayMap Detection: Level '/Game/ThirdPersonBP/Maps/HighriseMap.HighriseMap:PersistentLevel' has LevelScriptBlueprint '/Game/ThirdPersonBP/Maps/HighriseMap.HighriseMap:PersistentLevel.HighriseMap' with GeneratedClass '/Game/ThirdPersonBP/Maps/HighriseMap.HighriseMap_C' with ClassGeneratedBy '/Game/ThirdPersonBP/Maps/HighriseMap.HighriseMap:PersistentLevel.HighriseMap'
[2019.09.01-23.45.35:592][ 98]LogSlate: Updating window title bar state: overlay mode, drag disabled, window buttons hidden, title bar hidden
[2019.09.01-23.45.35:597][ 98]LogUObjectHash: Compacting FUObjectHashTables data took   1.97ms
[2019.09.01-23.45.35:632][101]LogPlayLevel: Display: Destroying online subsystem :Context_9
[2019.09.01-23.45.44:509][165]LogEditorViewport: Clicking on Actor (LMB): BP_WebSwing_C (BP_WebSwing)
[2019.09.01-23.45.44:651][171]LogEditorBookmarks: Warning: FBookmarkTypeToolsImpl::JumpToBookmark - Null Bookmark at index 2
[2019.09.01-23.46.32:770][684]LogSlate: FSceneViewport::OnFocusLost() reason 2
[2019.09.01-23.46.34:622][887]LogSlate: FSceneViewport::OnFocusLost() reason 2
[2019.09.01-23.53.55:156][412]LogUObjectHash: Compacting FUObjectHashTables data took   2.07ms
[2019.09.01-23.53.55:543][412]LogSavePackage: Moving '../../../../../../Users/Joel/Documents/Unreal Projects/The_Sandbox/Saved/HighriseMap_Auto6D90EDA5D4537D99C83527391B4142F92.tmp' to '../../../../../../Users/Joel/Documents/Unreal Projects/The_Sandbox/Saved/Autosaves/Game/ThirdPersonBP/Maps/HighriseMap_Auto6.umap'
[2019.09.01-23.53.55:545][412]LogFileHelpers: Editor autosave (incl. sublevels) for '/Game/ThirdPersonBP/Maps/HighriseMap' took 0.423
[2019.09.01-23.53.55:545][412]LogFileHelpers: Editor autosave (incl. sublevels) for all levels took 0.423
[2019.09.02-00.34.07:416][132]LogOutputDevice: Warning: 

Script Stack (0 frames):

[2019.09.02-00.34.07:416][132]LogWindows: Windows GetLastError: The operation completed successfully. (0)
[2019.09.02-00.34.07:523][132]LogWindows: Error: === Critical error: ===
[2019.09.02-00.34.07:523][132]LogWindows: Error: 
[2019.09.02-00.34.07:523][132]LogWindows: Error: Fatal error: [File:D:\Build\++UE4\Sync\Engine\Source\Runtime\RenderCore\Private\RenderingThread.cpp] [Line: 819] 
[2019.09.02-00.34.07:523][132]LogWindows: Error: Rendering thread exception:
[2019.09.02-00.34.07:523][132]LogWindows: Error: Fatal error!
[2019.09.02-00.34.07:523][132]LogWindows: Error: 
[2019.09.02-00.34.07:523][132]LogWindows: Error: Unhandled Exception: EXCEPTION_ACCESS_VIOLATION reading address 0x00000028
[2019.09.02-00.34.07:523][132]LogWindows: Error: 
[2019.09.02-00.34.07:523][132]LogWindows: Error: [Callstack] 0x00007ffdf290da50 UE4Editor-Renderer.dll!UnknownFunction []
[2019.09.02-00.34.07:523][132]LogWindows: Error: [Callstack] 0x00007ffdf2ab53c6 UE4Editor-Renderer.dll!UnknownFunction []
[2019.09.02-00.34.07:523][132]LogWindows: Error: [Callstack] 0x00007ffdf2aad587 UE4Editor-Renderer.dll!UnknownFunction []
[2019.09.02-00.34.07:523][132]LogWindows: Error: [Callstack] 0x00007ffdf26e0bfb UE4Editor-Renderer.dll!UnknownFunction []
[2019.09.02-00.34.07:523][132]LogWindows: Error: [Callstack] 0x00007ffdf2b3f9b0 UE4Editor-Renderer.dll!UnknownFunction []
[2019.09.02-00.34.07:523][132]LogWindows: Error: [Callstack] 0x00007ffdf2b1ea52 UE4Editor-Renderer.dll!UnknownFunction []
[2019.09.02-00.34.07:523][132]LogWindows: Error: [Callstack] 0x00007ffe14e822d8 UE4Editor-Core.dll!UnknownFunction []
[2019.09.02-00.34.07:523][132]LogWindows: Error: [Callstack] 0x00007ffe14e82563 UE4Editor-Core.dll!UnknownFunction []
[2019.09.02-00.34.07:523][132]LogWindows: Error: [Callstack] 0x00007ffe1d1359f1 UE4Editor-RenderCore.dll!UnknownFunction []
[2019.09.02-00.34.07:523][132]LogWindows: Error: [Callstack] 0x00007ffe1d13c184 UE4Editor-RenderCore.dll!UnknownFunction []
[2019.09.02-00.34.07:523][132]LogWindows: Error: [Callstack] 0x00007ffe15274b3f UE4Editor-Core.dll!UnknownFunction []
[2019.09.02-00.34.07:523][132]LogWindows: Error: [Callstack] 0x00007ffe152708a7 UE4Editor-Core.dll!UnknownFunction []
[2019.09.02-00.34.07:523][132]LogWindows: Error: [Callstack] 0x00007ffe4b554034 KERNEL32.DLL!UnknownFunction []
[2019.09.02-00.34.07:523][132]LogWindows: Error: [Callstack] 0x00007ffe4dca3691 ntdll.dll!UnknownFunction []
[2019.09.02-00.34.07:523][132]LogWindows: Error: 
[2019.09.02-00.34.07:523][132]LogWindows: Error: 
[2019.09.02-00.34.07:523][132]LogWindows: Error: 
[2019.09.02-00.34.07:523][132]LogWindows: Error: 
[2019.09.02-00.34.07:611][132]LogThreadingWindows: Error: Runnable thread RenderThread 14 crashed.
[2019.09.02-00.34.07:611][132]LogWindows: Error: HandleError re-entered.
[2019.09.02-00.34.07:611][132]LogWindows: FPlatformMisc::RequestExit(1)
[2019.09.02-00.34.07:611][132]LogExit: Executing StaticShutdownAfterError
[2019.09.02-00.34.07:625][132]Log file closed, 09/01/19 20:34:07
